2025-07-21 11:34:40 - root - INFO - setup_logging:73 - Logging to file: logs\suivi_generator_20250721.log
2025-07-21 11:34:40 - root - INFO - setup_logging:79 - ==================================================
2025-07-21 11:34:40 - root - INFO - setup_logging:80 - Suivi Generator Application Started
2025-07-21 11:34:40 - root - INFO - setup_logging:81 - Log level: INFO
2025-07-21 11:34:40 - root - INFO - setup_logging:82 - File logging: Enabled
2025-07-21 11:34:40 - root - INFO - setup_logging:83 - ==================================================
2025-07-21 11:34:40 - ui.splash_screen - INFO - _init_environment:275 - ============================================================
2025-07-21 11:34:40 - ui.splash_screen - INFO - _init_environment:276 - Starting Pladria - Solutions de traitement et génération de données
2025-07-21 11:34:40 - ui.splash_screen - INFO - _init_environment:277 - Version: 2.5
2025-07-21 11:34:40 - ui.splash_screen - INFO - _init_environment:278 - Author: Equipe BLI
2025-07-21 11:34:40 - ui.splash_screen - INFO - _init_environment:279 - ============================================================
2025-07-21 11:34:40 - main - INFO - start_main_application:80 - Creating main application...
2025-07-21 11:34:40 - ui.responsive_utils - INFO - _detect_dpi_scaling:81 - DPI scaling detected - DPI: 96.0, Scale: 1.00, Font: 0.80, UI: 0.30
2025-07-21 11:34:40 - ui.main_window - INFO - _setup_window:81 - Window maximized using 'zoomed' state
2025-07-21 11:34:40 - ui.styles - INFO - setup_styles:42 - UI styles configured successfully
2025-07-21 11:34:40 - ui.main_window - INFO - _setup_window:106 - Main window configured
2025-07-21 11:34:40 - ui.main_window - INFO - _setup_responsive_fonts:195 - Responsive fonts configured
2025-07-21 11:34:40 - ui.navigation - INFO - _setup_navigation_bar:106 - Sofrecom logo loaded successfully from: C:\Users\wzaouga\Desktop\pladria git\logo_Sofrecom.png
2025-07-21 11:34:40 - ui.navigation - INFO - register_module:195 - Registered module: Générateur Suivi (suivi_generator)
2025-07-21 11:34:40 - ui.navigation - INFO - register_module:195 - Registered module: Suivi Global Tickets (suivi_global)
2025-07-21 11:34:40 - ui.navigation - INFO - register_module:195 - Registered module: Statistiques Équipe (team_stats)
2025-07-21 11:34:40 - ui.navigation - INFO - register_module:195 - Registered module: Visualiseur de Données (data_viewer)
2025-07-21 11:34:40 - ui.navigation - INFO - register_module:195 - Registered module: Contrôle Qualité (quality_control)
2025-07-21 11:34:40 - ui.navigation - INFO - navigate_to:216 - Attempting to navigate to: home
2025-07-21 11:34:40 - ui.main_window - INFO - _set_window_icon:288 - Window icon set with PNG multi-size: 7 sizes
2025-07-21 11:34:40 - ui.main_window - INFO - _set_window_icon:295 - Additional ICO icon set for Windows compatibility
2025-07-21 11:34:40 - ui.main_window - INFO - _set_windows_taskbar_icon:361 - Windows taskbar icon set via API
2025-07-21 11:34:40 - ui.navigation - INFO - navigate_to:251 - Successfully navigated to: home
2025-07-21 11:34:40 - ui.main_window - INFO - _setup_navigation:163 - Navigation system initialized
2025-07-21 11:34:40 - main - INFO - start_main_application:83 - Application created successfully
2025-07-21 11:34:40 - main - INFO - start_main_application:84 - Starting main loop...
2025-07-21 11:34:40 - ui.main_window - INFO - run:371 - Starting application main loop
2025-07-21 11:34:40 - ui.main_window - INFO - _post_init:181 - Window state after initialization: zoomed
2025-07-21 11:34:40 - ui.main_window - INFO - _post_init:189 - Main window initialization complete
2025-07-21 11:34:53 - ui.home_screen - INFO - _open_quality_control:423 - User clicked Quality Control button
2025-07-21 11:34:53 - ui.navigation - INFO - navigate_to:216 - Attempting to navigate to: quality_control
2025-07-21 11:34:53 - ui.navigation - INFO - _load_module:274 - Loading module: quality_control (Contrôle Qualité)
2025-07-21 11:34:53 - ui.modules.quality_control_module - INFO - setup_ui:108 - Interface utilisateur modernisée créée avec succès
2025-07-21 11:34:53 - ui.modules.quality_control_module - INFO - __init__:84 - Module Contrôle Qualité initialisé
2025-07-21 11:34:53 - ui.navigation - INFO - _load_module:299 - Module quality_control created and loaded successfully
2025-07-21 11:34:53 - ui.navigation - INFO - navigate_to:251 - Successfully navigated to: quality_control
2025-07-21 11:35:01 - ui.modules.quality_control_module - INFO - on_success:1133 - Fichier QGis chargé: resultatsk.xlsx
2025-07-21 11:35:04 - ui.modules.quality_control_module - INFO - _detect_info_from_suivi:1311 - Domaine détecté ligne 1: RIP
2025-07-21 11:35:04 - ui.modules.quality_control_module - INFO - _detect_info_from_suivi:1353 - CMS Total détecté ligne 1: 14
2025-07-21 11:35:04 - ui.modules.quality_control_module - INFO - _detect_info_from_suivi:1422 - PA Total détecté ligne 1: 138
2025-07-21 11:35:04 - ui.modules.quality_control_module - INFO - _detect_info_from_suivi:1487 - Collaborateur détecté ligne 1: ZAOUGA Wissem
2025-07-21 11:35:04 - ui.modules.quality_control_module - INFO - _detect_info_from_suivi:1533 - === INFORMATIONS DÉTECTÉES ===
2025-07-21 11:35:04 - ui.modules.quality_control_module - INFO - _detect_info_from_suivi:1534 - Nom de commune (Col A): BALAISEAUX
2025-07-21 11:35:04 - ui.modules.quality_control_module - INFO - _detect_info_from_suivi:1535 - ID tâche (Col B): 2815265
2025-07-21 11:35:04 - ui.modules.quality_control_module - INFO - _detect_info_from_suivi:1536 - Code INSEE (Col C): 39034
2025-07-21 11:35:04 - ui.modules.quality_control_module - INFO - _detect_info_from_suivi:1537 - Domaine (Col D): RIP
2025-07-21 11:35:04 - ui.modules.quality_control_module - INFO - _detect_info_from_suivi:1538 - Collaborateur (Col U): ZAOUGA Wissem
2025-07-21 11:35:04 - ui.modules.quality_control_module - INFO - _detect_info_from_suivi:1539 - CMS Total (Col G): 14
2025-07-21 11:35:04 - ui.modules.quality_control_module - INFO - _detect_info_from_suivi:1540 - PA Total (Col H): 138
2025-07-21 11:35:04 - ui.modules.quality_control_module - INFO - _detect_info_from_suivi:1541 - ==============================
2025-07-21 11:35:04 - ui.modules.quality_control_module - INFO - _detect_info_from_suivi:1557 - === DEBUG LIGNE 2 (INDEX 1) ===
2025-07-21 11:35:04 - ui.modules.quality_control_module - INFO - _detect_info_from_suivi:1565 - ===============================
2025-07-21 11:35:04 - ui.modules.quality_control_module - INFO - on_success:1230 - Fichier suivi chargé: Suivi_BALAISEAUX_2815265_39034.xlsx
2025-07-21 11:35:04 - ui.modules.quality_control_module - INFO - on_success:1231 - Informations détectées: {'commune': 'BALAISEAUX', 'collaborateur': 'ZAOUGA Wissem', 'insee': '39034', 'id_tache': '2815265', 'domaine': 'RIP', 'cms_total': '14', 'pa_total': '138'}
2025-07-21 11:35:07 - ui.modules.quality_control_module - INFO - _analyze_critere_0:1695 - Motifs extraits de la page 2, colonne I: 172 motifs trouvés
2025-07-21 11:35:07 - ui.modules.quality_control_module - INFO - _analyze_critere_2:1810 - Pages 1, 2 et 3 du fichier suivi chargées pour analyse critère 2
2025-07-21 11:35:07 - ui.modules.quality_control_module - INFO - _analyze_critere_5:2356 - MOTIF INCORRECT DÉTECTÉ - IMB: IMB/39034/X/006S, Motif: 'OOOK'
2025-07-21 11:35:07 - ui.modules.quality_control_module - INFO - _analyze_critere_5:2356 - MOTIF INCORRECT DÉTECTÉ - IMB: IMB/39034/X/004R, Motif: 'AD RA'
2025-07-21 11:35:07 - ui.modules.quality_control_module - INFO - _analyze_critere_5:2356 - MOTIF INCORRECT DÉTECTÉ - IMB: IMB/39034/X/004X, Motif: 'AD A ANALYSER'
2025-07-21 11:35:07 - ui.modules.quality_control_module - INFO - on_success:1643 - Analyse qualité terminée
2025-07-21 11:35:15 - ui.modules.quality_control_module - INFO - _generate_excel_report:2510 - Début génération rapport Excel: C:/Users/wzaouga/Downloads/test/Etat_De_Lieu_BALAISEAUX_39034_ZAOUGA Wissemkkkkik.xlsx
2025-07-21 11:35:15 - ui.modules.quality_control_module - INFO - _generate_excel_report:2518 - Chemin absolu du fichier: C:\Users\wzaouga\Downloads\test\Etat_De_Lieu_BALAISEAUX_39034_ZAOUGA Wissemkkkkik.xlsx
2025-07-21 11:35:15 - ui.modules.quality_control_module - INFO - _calculate_erreur_banbou_percentage:3879 - Calcul % Erreur Banbou: UPR=N/A, 501/511=OK, NOK=0/1, Résultat=0.0%
2025-07-21 11:35:15 - ui.modules.quality_control_module - INFO - _calculate_conformite_percentage:3989 - Calcul conformité - CMS: 0.000, PA: 0.033, Banbou: 0.000, Écart: 0.031, Score pondéré: 0.021, Conformité: 97.9%
2025-07-21 11:35:15 - ui.modules.quality_control_module - INFO - _detect_fautes_majeures:4183 - Fautes majeures détectées: 0
2025-07-21 11:35:15 - ui.modules.quality_control_module - INFO - _evaluate_commune_status:3932 - Évaluation commune - Statut: OK, Conformité: 97.9%, Fautes majeures: 0
2025-07-21 11:35:15 - ui.modules.quality_control_module - INFO - _calculate_erreur_banbou_percentage:3879 - Calcul % Erreur Banbou: UPR=N/A, 501/511=OK, NOK=0/1, Résultat=0.0%
2025-07-21 11:35:15 - ui.modules.quality_control_module - INFO - _calculate_erreur_banbou_percentage:3879 - Calcul % Erreur Banbou: UPR=N/A, 501/511=OK, NOK=0/1, Résultat=0.0%
2025-07-21 11:35:15 - ui.modules.quality_control_module - INFO - _prepare_excel_data:2780 - Page 2 suivi commune chargée pour bâtiments: (172, 16)
2025-07-21 11:35:15 - ui.modules.quality_control_module - INFO - _prepare_excel_data:2792 - Mapping IMB->Batiment créé: 1 entrées
2025-07-21 11:35:15 - ui.modules.quality_control_module - INFO - _prepare_excel_data:2827 - Ajout de 7 erreurs à la page 3 (C3: 4 doublons + 0 motif OK, C4: 0 ad à analyser, C5: 3 motifs incorrects)
2025-07-21 11:35:15 - ui.modules.quality_control_module - INFO - _generate_excel_report:2528 - Données Excel préparées pour 4 feuilles
2025-07-21 11:35:15 - ui.modules.quality_control_module - INFO - _write_excel_file:3174 - DataFrames créés pour 4 feuilles
2025-07-21 11:35:15 - ui.modules.quality_control_module - INFO - _add_controleur_validation:3665 - Validation des données ajoutée pour le contrôleur
2025-07-21 11:35:15 - ui.modules.quality_control_module - WARNING - _apply_percentage_formatting:3706 - Erreur lors du formatage des pourcentages: list indices must be integers or slices, not str
2025-07-21 11:35:15 - ui.modules.quality_control_module - INFO - _format_page1:3611 - Mise en forme appliquée à la page 1 (avec bordures)
2025-07-21 11:35:15 - ui.modules.quality_control_module - INFO - _format_page2:3805 - Mise en forme de la page 2 appliquée avec validation de données
2025-07-21 11:35:15 - ui.modules.quality_control_module - INFO - _format_page3:3755 - Mise en forme appliquée à la page 3 - Contrôle Qualité PA
2025-07-21 11:35:16 - ui.modules.quality_control_module - INFO - _format_page4_ecart:3403 - Mise en forme appliquée à la feuille Ecart
2025-07-21 11:35:16 - ui.modules.quality_control_module - INFO - _write_excel_file:3226 - 4 feuilles Excel écrites: Etat_BALAISEA_ZAOUGA_W, Controle_Qualite_CMS, Controle_Qualite_PA, Ecart
2025-07-21 11:35:16 - ui.modules.quality_control_module - INFO - _write_excel_file:3228 - Fichier Excel écrit avec succès avec mise en forme
2025-07-21 11:35:16 - ui.modules.quality_control_module - INFO - _generate_excel_report:2537 - Fichier créé avec succès: C:\Users\wzaouga\Downloads\test\Etat_De_Lieu_BALAISEAUX_39034_ZAOUGA Wissemkkkkik.xlsx (17112 bytes)
2025-07-21 11:35:17 - ui.modules.quality_control_module - INFO - on_success:2473 - Rapport exporté: C:/Users/wzaouga/Downloads/test/Etat_De_Lieu_BALAISEAUX_39034_ZAOUGA Wissemkkkkik.xlsx
2025-07-21 11:46:19 - root - INFO - setup_logging:73 - Logging to file: logs\suivi_generator_20250721.log
2025-07-21 11:46:19 - root - INFO - setup_logging:79 - ==================================================
2025-07-21 11:46:19 - root - INFO - setup_logging:80 - Suivi Generator Application Started
2025-07-21 11:46:19 - root - INFO - setup_logging:81 - Log level: INFO
2025-07-21 11:46:19 - root - INFO - setup_logging:82 - File logging: Enabled
2025-07-21 11:46:19 - root - INFO - setup_logging:83 - ==================================================
2025-07-21 11:46:19 - ui.splash_screen - INFO - _init_environment:275 - ============================================================
2025-07-21 11:46:19 - ui.splash_screen - INFO - _init_environment:276 - Starting Pladria - Solutions de traitement et génération de données
2025-07-21 11:46:19 - ui.splash_screen - INFO - _init_environment:277 - Version: 2.5
2025-07-21 11:46:19 - ui.splash_screen - INFO - _init_environment:278 - Author: Equipe BLI
2025-07-21 11:46:19 - ui.splash_screen - INFO - _init_environment:279 - ============================================================
2025-07-21 11:46:20 - main - INFO - start_main_application:80 - Creating main application...
2025-07-21 11:46:20 - ui.responsive_utils - INFO - _detect_dpi_scaling:81 - DPI scaling detected - DPI: 96.0, Scale: 1.00, Font: 0.80, UI: 0.30
2025-07-21 11:46:20 - ui.main_window - INFO - _setup_window:81 - Window maximized using 'zoomed' state
2025-07-21 11:46:20 - ui.styles - INFO - setup_styles:42 - UI styles configured successfully
2025-07-21 11:46:20 - ui.main_window - INFO - _setup_window:106 - Main window configured
2025-07-21 11:46:20 - ui.main_window - INFO - _setup_responsive_fonts:195 - Responsive fonts configured
2025-07-21 11:46:20 - ui.navigation - INFO - _setup_navigation_bar:106 - Sofrecom logo loaded successfully from: C:\Users\wzaouga\Desktop\pladria git\logo_Sofrecom.png
2025-07-21 11:46:20 - ui.navigation - INFO - register_module:195 - Registered module: Générateur Suivi (suivi_generator)
2025-07-21 11:46:20 - ui.navigation - INFO - register_module:195 - Registered module: Suivi Global Tickets (suivi_global)
2025-07-21 11:46:20 - ui.navigation - INFO - register_module:195 - Registered module: Statistiques Équipe (team_stats)
2025-07-21 11:46:20 - ui.navigation - INFO - register_module:195 - Registered module: Visualiseur de Données (data_viewer)
2025-07-21 11:46:20 - ui.navigation - INFO - register_module:195 - Registered module: Contrôle Qualité (quality_control)
2025-07-21 11:46:20 - ui.navigation - INFO - navigate_to:216 - Attempting to navigate to: home
2025-07-21 11:46:20 - ui.main_window - INFO - _set_window_icon:288 - Window icon set with PNG multi-size: 7 sizes
2025-07-21 11:46:20 - ui.main_window - INFO - _set_window_icon:295 - Additional ICO icon set for Windows compatibility
2025-07-21 11:46:20 - ui.main_window - INFO - _set_windows_taskbar_icon:361 - Windows taskbar icon set via API
2025-07-21 11:46:20 - ui.navigation - INFO - navigate_to:251 - Successfully navigated to: home
2025-07-21 11:46:20 - ui.main_window - INFO - _setup_navigation:163 - Navigation system initialized
2025-07-21 11:46:20 - main - INFO - start_main_application:83 - Application created successfully
2025-07-21 11:46:20 - main - INFO - start_main_application:84 - Starting main loop...
2025-07-21 11:46:20 - ui.main_window - INFO - run:371 - Starting application main loop
2025-07-21 11:46:20 - ui.main_window - INFO - _post_init:181 - Window state after initialization: zoomed
2025-07-21 11:46:20 - ui.main_window - INFO - _post_init:189 - Main window initialization complete
2025-07-21 11:46:21 - ui.home_screen - INFO - _open_quality_control:423 - User clicked Quality Control button
2025-07-21 11:46:21 - ui.navigation - INFO - navigate_to:216 - Attempting to navigate to: quality_control
2025-07-21 11:46:21 - ui.navigation - INFO - _load_module:274 - Loading module: quality_control (Contrôle Qualité)
2025-07-21 11:46:22 - ui.modules.quality_control_module - INFO - setup_ui:108 - Interface utilisateur modernisée créée avec succès
2025-07-21 11:46:22 - ui.modules.quality_control_module - INFO - __init__:84 - Module Contrôle Qualité initialisé
2025-07-21 11:46:22 - ui.navigation - INFO - _load_module:299 - Module quality_control created and loaded successfully
2025-07-21 11:46:22 - ui.navigation - INFO - navigate_to:251 - Successfully navigated to: quality_control
2025-07-21 11:46:26 - ui.modules.quality_control_module - INFO - on_success:1133 - Fichier QGis chargé: resultatsk.xlsx
2025-07-21 11:46:36 - ui.modules.quality_control_module - INFO - _detect_info_from_suivi:1311 - Domaine détecté ligne 1: RIP
2025-07-21 11:46:36 - ui.modules.quality_control_module - INFO - _detect_info_from_suivi:1353 - CMS Total détecté ligne 1: 14
2025-07-21 11:46:36 - ui.modules.quality_control_module - INFO - _detect_info_from_suivi:1422 - PA Total détecté ligne 1: 138
2025-07-21 11:46:36 - ui.modules.quality_control_module - INFO - _detect_info_from_suivi:1487 - Collaborateur détecté ligne 1: ZAOUGA Wissem
2025-07-21 11:46:36 - ui.modules.quality_control_module - INFO - _detect_info_from_suivi:1533 - === INFORMATIONS DÉTECTÉES ===
2025-07-21 11:46:36 - ui.modules.quality_control_module - INFO - _detect_info_from_suivi:1534 - Nom de commune (Col A): BALAISEAUX
2025-07-21 11:46:36 - ui.modules.quality_control_module - INFO - _detect_info_from_suivi:1535 - ID tâche (Col B): 2815265
2025-07-21 11:46:36 - ui.modules.quality_control_module - INFO - _detect_info_from_suivi:1536 - Code INSEE (Col C): 39034
2025-07-21 11:46:36 - ui.modules.quality_control_module - INFO - _detect_info_from_suivi:1537 - Domaine (Col D): RIP
2025-07-21 11:46:36 - ui.modules.quality_control_module - INFO - _detect_info_from_suivi:1538 - Collaborateur (Col U): ZAOUGA Wissem
2025-07-21 11:46:36 - ui.modules.quality_control_module - INFO - _detect_info_from_suivi:1539 - CMS Total (Col G): 14
2025-07-21 11:46:36 - ui.modules.quality_control_module - INFO - _detect_info_from_suivi:1540 - PA Total (Col H): 138
2025-07-21 11:46:36 - ui.modules.quality_control_module - INFO - _detect_info_from_suivi:1541 - ==============================
2025-07-21 11:46:36 - ui.modules.quality_control_module - INFO - _detect_info_from_suivi:1557 - === DEBUG LIGNE 2 (INDEX 1) ===
2025-07-21 11:46:36 - ui.modules.quality_control_module - INFO - _detect_info_from_suivi:1565 - ===============================
2025-07-21 11:46:36 - ui.modules.quality_control_module - INFO - on_success:1230 - Fichier suivi chargé: Suivi_BALAISEAUX_2815265_39034.xlsx
2025-07-21 11:46:36 - ui.modules.quality_control_module - INFO - on_success:1231 - Informations détectées: {'commune': 'BALAISEAUX', 'collaborateur': 'ZAOUGA Wissem', 'insee': '39034', 'id_tache': '2815265', 'domaine': 'RIP', 'cms_total': '14', 'pa_total': '138'}
2025-07-21 11:46:38 - ui.modules.quality_control_module - INFO - _analyze_critere_0:1695 - Motifs extraits de la page 2, colonne I: 172 motifs trouvés
2025-07-21 11:46:38 - ui.modules.quality_control_module - INFO - _analyze_critere_2:1810 - Pages 1, 2 et 3 du fichier suivi chargées pour analyse critère 2
2025-07-21 11:46:38 - ui.modules.quality_control_module - INFO - _analyze_critere_5:2356 - MOTIF INCORRECT DÉTECTÉ - IMB: IMB/39034/X/006S, Motif: 'OOOK'
2025-07-21 11:46:38 - ui.modules.quality_control_module - INFO - _analyze_critere_5:2356 - MOTIF INCORRECT DÉTECTÉ - IMB: IMB/39034/X/004R, Motif: 'AD RA'
2025-07-21 11:46:38 - ui.modules.quality_control_module - INFO - _analyze_critere_5:2356 - MOTIF INCORRECT DÉTECTÉ - IMB: IMB/39034/X/004X, Motif: 'AD A ANALYSER'
2025-07-21 11:46:38 - ui.modules.quality_control_module - INFO - on_success:1643 - Analyse qualité terminée
2025-07-21 11:46:54 - ui.modules.quality_control_module - INFO - _generate_excel_report:2510 - Début génération rapport Excel: C:/Users/wzaouga/Downloads/test/Etat_De_Lieu_BALAISEAUX_39034_ZAOUGA Wissemjjjjjjjjjjjjjjjjj.xlsx
2025-07-21 11:46:54 - ui.modules.quality_control_module - INFO - _generate_excel_report:2518 - Chemin absolu du fichier: C:\Users\wzaouga\Downloads\test\Etat_De_Lieu_BALAISEAUX_39034_ZAOUGA Wissemjjjjjjjjjjjjjjjjj.xlsx
2025-07-21 11:46:54 - ui.modules.quality_control_module - INFO - _calculate_erreur_banbou_percentage:3906 - Calcul % Erreur Banbou: UPR=N/A, 501/511=OK, NOK=0/1, Résultat=0.0%
2025-07-21 11:46:54 - ui.modules.quality_control_module - INFO - _calculate_conformite_percentage:4032 - Calcul conformité - CMS: 0.000, PA: 0.033, Banbou: 0.000, Écart: 0.031, Score pondéré: 0.021, Conformité: 97.9%
2025-07-21 11:46:54 - ui.modules.quality_control_module - WARNING - _detect_fichiers_manquants:4347 - Fautes majeures fichiers détectées: 2
2025-07-21 11:46:54 - ui.modules.quality_control_module - ERROR - _detect_fichiers_manquants:4349 - FICHIER MANQUANT/INVALIDE - STRUCTURE_QGIS_INVALIDE: Fichier QGis - Colonnes critiques manquantes: A, J, U
2025-07-21 11:46:54 - ui.modules.quality_control_module - ERROR - _detect_fichiers_manquants:4349 - FICHIER MANQUANT/INVALIDE - STRUCTURE_SUIVI_INVALIDE: Fichier Suivi Commune - Structure invalide: 0 page(s) trouvée(s), minimum 2 requises
2025-07-21 11:46:54 - ui.modules.quality_control_module - INFO - _detect_fautes_majeures:4230 - Fautes majeures détectées: 2
2025-07-21 11:46:54 - ui.modules.quality_control_module - WARNING - _detect_fautes_majeures:4232 - FAUTE MAJEURE - STRUCTURE_QGIS_INVALIDE: Fichier QGis - Colonnes critiques manquantes: A, J, U
2025-07-21 11:46:54 - ui.modules.quality_control_module - WARNING - _detect_fautes_majeures:4232 - FAUTE MAJEURE - STRUCTURE_SUIVI_INVALIDE: Fichier Suivi Commune - Structure invalide: 0 page(s) trouvée(s), minimum 2 requises
2025-07-21 11:46:54 - ui.modules.quality_control_module - INFO - _evaluate_commune_status:3973 - Évaluation commune - Statut: KO, Conformité: 97.9%, Fautes majeures: 2
2025-07-21 11:46:54 - ui.modules.quality_control_module - INFO - _calculate_erreur_banbou_percentage:3906 - Calcul % Erreur Banbou: UPR=N/A, 501/511=OK, NOK=0/1, Résultat=0.0%
2025-07-21 11:46:54 - ui.modules.quality_control_module - INFO - _calculate_erreur_banbou_percentage:3906 - Calcul % Erreur Banbou: UPR=N/A, 501/511=OK, NOK=0/1, Résultat=0.0%
2025-07-21 11:46:54 - ui.modules.quality_control_module - INFO - _prepare_excel_data:2807 - Page 2 suivi commune chargée pour bâtiments: (172, 16)
2025-07-21 11:46:54 - ui.modules.quality_control_module - INFO - _prepare_excel_data:2819 - Mapping IMB->Batiment créé: 1 entrées
2025-07-21 11:46:54 - ui.modules.quality_control_module - INFO - _prepare_excel_data:2854 - Ajout de 7 erreurs à la page 3 (C3: 4 doublons + 0 motif OK, C4: 0 ad à analyser, C5: 3 motifs incorrects)
2025-07-21 11:46:54 - ui.modules.quality_control_module - INFO - _generate_excel_report:2528 - Données Excel préparées pour 4 feuilles
2025-07-21 11:46:54 - ui.modules.quality_control_module - INFO - _write_excel_file:3201 - DataFrames créés pour 4 feuilles
2025-07-21 11:46:54 - ui.modules.quality_control_module - INFO - _add_controleur_validation:3692 - Validation des données ajoutée pour le contrôleur
2025-07-21 11:46:54 - ui.modules.quality_control_module - WARNING - _apply_percentage_formatting:3733 - Erreur lors du formatage des pourcentages: list indices must be integers or slices, not str
2025-07-21 11:46:54 - ui.modules.quality_control_module - INFO - _format_page1:3638 - Mise en forme appliquée à la page 1 (avec bordures)
2025-07-21 11:46:54 - ui.modules.quality_control_module - INFO - _format_page2:3832 - Mise en forme de la page 2 appliquée avec validation de données
2025-07-21 11:46:54 - ui.modules.quality_control_module - INFO - _format_page3:3782 - Mise en forme appliquée à la page 3 - Contrôle Qualité PA
2025-07-21 11:46:54 - ui.modules.quality_control_module - INFO - _format_page4_ecart:3430 - Mise en forme appliquée à la feuille Ecart
2025-07-21 11:46:54 - ui.modules.quality_control_module - INFO - _write_excel_file:3253 - 4 feuilles Excel écrites: Etat_BALAISEA_ZAOUGA_W, Controle_Qualite_CMS, Controle_Qualite_PA, Ecart
2025-07-21 11:46:54 - ui.modules.quality_control_module - INFO - _write_excel_file:3255 - Fichier Excel écrit avec succès avec mise en forme
2025-07-21 11:46:54 - ui.modules.quality_control_module - INFO - _generate_excel_report:2537 - Fichier créé avec succès: C:\Users\wzaouga\Downloads\test\Etat_De_Lieu_BALAISEAUX_39034_ZAOUGA Wissemjjjjjjjjjjjjjjjjj.xlsx (17811 bytes)
2025-07-21 11:46:55 - ui.modules.quality_control_module - INFO - on_success:2473 - Rapport exporté: C:/Users/wzaouga/Downloads/test/Etat_De_Lieu_BALAISEAUX_39034_ZAOUGA Wissemjjjjjjjjjjjjjjjjj.xlsx
2025-07-21 12:09:21 - ui.navigation - INFO - navigate_to:216 - Attempting to navigate to: home
2025-07-21 12:09:22 - ui.navigation - INFO - navigate_to:251 - Successfully navigated to: home
2025-07-21 12:09:23 - ui.navigation - INFO - navigate_to:216 - Attempting to navigate to: data_viewer
2025-07-21 12:09:23 - ui.navigation - INFO - _load_module:274 - Loading module: data_viewer (Visualiseur de Données)
2025-07-21 12:09:23 - ui.modules.data_viewer_module - INFO - _load_data:742 - Data loaded successfully: 128 rows
2025-07-21 12:09:23 - ui.modules.data_viewer_module - INFO - _create_ui:242 - Data Viewer module UI created successfully
2025-07-21 12:09:23 - ui.navigation - INFO - _load_module:299 - Module data_viewer created and loaded successfully
2025-07-21 12:09:23 - ui.keyboard_shortcuts - INFO - _setup_default_shortcuts:47 - Default keyboard shortcuts registered
2025-07-21 12:09:23 - ui.modules.data_viewer_module - ERROR - _setup_module_shortcuts:680 - Error setting up keyboard shortcuts: 'KeyboardShortcutManager' object has no attribute 'bind_key'
2025-07-21 12:09:23 - ui.modules.data_viewer_module - INFO - _initialize_optional_features:666 - Optional features initialized successfully
2025-07-21 12:09:23 - ui.navigation - INFO - navigate_to:251 - Successfully navigated to: data_viewer
2025-07-21 12:09:41 - ui.navigation - INFO - navigate_to:216 - Attempting to navigate to: home
2025-07-21 12:09:41 - ui.navigation - INFO - navigate_to:251 - Successfully navigated to: home
2025-07-21 12:43:22 - root - INFO - setup_logging:73 - Logging to file: logs\suivi_generator_20250721.log
2025-07-21 12:43:22 - root - INFO - setup_logging:79 - ==================================================
2025-07-21 12:43:22 - root - INFO - setup_logging:80 - Suivi Generator Application Started
2025-07-21 12:43:22 - root - INFO - setup_logging:81 - Log level: INFO
2025-07-21 12:43:22 - root - INFO - setup_logging:82 - File logging: Enabled
2025-07-21 12:43:22 - root - INFO - setup_logging:83 - ==================================================
2025-07-21 12:43:22 - ui.splash_screen - INFO - _init_environment:275 - ============================================================
2025-07-21 12:43:22 - ui.splash_screen - INFO - _init_environment:276 - Starting Pladria - Solutions de traitement et génération de données
2025-07-21 12:43:22 - ui.splash_screen - INFO - _init_environment:277 - Version: 2.5
2025-07-21 12:43:22 - ui.splash_screen - INFO - _init_environment:278 - Author: Equipe BLI
2025-07-21 12:43:22 - ui.splash_screen - INFO - _init_environment:279 - ============================================================
2025-07-21 12:43:22 - main - INFO - start_main_application:80 - Creating main application...
2025-07-21 12:43:22 - ui.responsive_utils - INFO - _detect_dpi_scaling:81 - DPI scaling detected - DPI: 96.0, Scale: 1.00, Font: 0.80, UI: 0.30
2025-07-21 12:43:22 - ui.main_window - INFO - _setup_window:81 - Window maximized using 'zoomed' state
2025-07-21 12:43:22 - ui.styles - INFO - setup_styles:42 - UI styles configured successfully
2025-07-21 12:43:22 - ui.main_window - INFO - _setup_window:106 - Main window configured
2025-07-21 12:43:22 - ui.main_window - INFO - _setup_responsive_fonts:195 - Responsive fonts configured
2025-07-21 12:43:22 - ui.navigation - INFO - _setup_navigation_bar:106 - Sofrecom logo loaded successfully from: C:\Users\wzaouga\Desktop\pladria git\logo_Sofrecom.png
2025-07-21 12:43:22 - ui.navigation - INFO - register_module:195 - Registered module: Générateur Suivi (suivi_generator)
2025-07-21 12:43:22 - ui.navigation - INFO - register_module:195 - Registered module: Suivi Global Tickets (suivi_global)
2025-07-21 12:43:22 - ui.navigation - INFO - register_module:195 - Registered module: Statistiques Équipe (team_stats)
2025-07-21 12:43:22 - ui.navigation - INFO - register_module:195 - Registered module: Visualiseur de Données (data_viewer)
2025-07-21 12:43:22 - ui.navigation - INFO - register_module:195 - Registered module: Contrôle Qualité (quality_control)
2025-07-21 12:43:22 - ui.navigation - INFO - navigate_to:216 - Attempting to navigate to: home
2025-07-21 12:43:22 - ui.main_window - INFO - _set_window_icon:288 - Window icon set with PNG multi-size: 7 sizes
2025-07-21 12:43:22 - ui.main_window - INFO - _set_window_icon:295 - Additional ICO icon set for Windows compatibility
2025-07-21 12:43:22 - ui.main_window - INFO - _set_windows_taskbar_icon:361 - Windows taskbar icon set via API
2025-07-21 12:43:23 - ui.navigation - INFO - navigate_to:251 - Successfully navigated to: home
2025-07-21 12:43:23 - ui.main_window - INFO - _setup_navigation:163 - Navigation system initialized
2025-07-21 12:43:23 - main - INFO - start_main_application:83 - Application created successfully
2025-07-21 12:43:23 - main - INFO - start_main_application:84 - Starting main loop...
2025-07-21 12:43:23 - ui.main_window - INFO - run:371 - Starting application main loop
2025-07-21 12:43:23 - ui.main_window - INFO - _post_init:181 - Window state after initialization: zoomed
2025-07-21 12:43:23 - ui.main_window - INFO - _post_init:189 - Main window initialization complete
2025-07-21 12:43:24 - ui.home_screen - INFO - _open_quality_control:423 - User clicked Quality Control button
2025-07-21 12:43:24 - ui.navigation - INFO - navigate_to:216 - Attempting to navigate to: quality_control
2025-07-21 12:43:24 - ui.navigation - INFO - _load_module:274 - Loading module: quality_control (Contrôle Qualité)
2025-07-21 12:43:24 - ui.modules.quality_control_module - INFO - setup_ui:108 - Interface utilisateur modernisée créée avec succès
2025-07-21 12:43:24 - ui.modules.quality_control_module - INFO - __init__:84 - Module Contrôle Qualité initialisé
2025-07-21 12:43:24 - ui.navigation - INFO - _load_module:299 - Module quality_control created and loaded successfully
2025-07-21 12:43:24 - ui.navigation - INFO - navigate_to:251 - Successfully navigated to: quality_control
2025-07-21 12:43:33 - ui.modules.quality_control_module - INFO - on_success:1133 - Fichier QGis chargé: resultatsk.xlsx
2025-07-21 12:43:43 - ui.modules.quality_control_module - INFO - _detect_info_from_suivi:1311 - Domaine détecté ligne 1: RIP
2025-07-21 12:43:43 - ui.modules.quality_control_module - INFO - _detect_info_from_suivi:1353 - CMS Total détecté ligne 1: 14
2025-07-21 12:43:43 - ui.modules.quality_control_module - INFO - _detect_info_from_suivi:1422 - PA Total détecté ligne 1: 138
2025-07-21 12:43:43 - ui.modules.quality_control_module - INFO - _detect_info_from_suivi:1487 - Collaborateur détecté ligne 1: ZAOUGA Wissem
2025-07-21 12:43:43 - ui.modules.quality_control_module - INFO - _detect_info_from_suivi:1533 - === INFORMATIONS DÉTECTÉES ===
2025-07-21 12:43:43 - ui.modules.quality_control_module - INFO - _detect_info_from_suivi:1534 - Nom de commune (Col A): BALAISEAUX
2025-07-21 12:43:43 - ui.modules.quality_control_module - INFO - _detect_info_from_suivi:1535 - ID tâche (Col B): 2815265
2025-07-21 12:43:43 - ui.modules.quality_control_module - INFO - _detect_info_from_suivi:1536 - Code INSEE (Col C): 39034
2025-07-21 12:43:43 - ui.modules.quality_control_module - INFO - _detect_info_from_suivi:1537 - Domaine (Col D): RIP
2025-07-21 12:43:43 - ui.modules.quality_control_module - INFO - _detect_info_from_suivi:1538 - Collaborateur (Col U): ZAOUGA Wissem
2025-07-21 12:43:43 - ui.modules.quality_control_module - INFO - _detect_info_from_suivi:1539 - CMS Total (Col G): 14
2025-07-21 12:43:43 - ui.modules.quality_control_module - INFO - _detect_info_from_suivi:1540 - PA Total (Col H): 138
2025-07-21 12:43:43 - ui.modules.quality_control_module - INFO - _detect_info_from_suivi:1541 - ==============================
2025-07-21 12:43:43 - ui.modules.quality_control_module - INFO - _detect_info_from_suivi:1557 - === DEBUG LIGNE 2 (INDEX 1) ===
2025-07-21 12:43:43 - ui.modules.quality_control_module - INFO - _detect_info_from_suivi:1565 - ===============================
2025-07-21 12:43:43 - ui.modules.quality_control_module - INFO - on_success:1230 - Fichier suivi chargé: Suivi_BALAISEAUX_2815265_39034.xlsx
2025-07-21 12:43:43 - ui.modules.quality_control_module - INFO - on_success:1231 - Informations détectées: {'commune': 'BALAISEAUX', 'collaborateur': 'ZAOUGA Wissem', 'insee': '39034', 'id_tache': '2815265', 'domaine': 'RIP', 'cms_total': '14', 'pa_total': '138'}
2025-07-21 12:43:44 - ui.modules.quality_control_module - INFO - _analyze_critere_0:1695 - Motifs extraits de la page 2, colonne I: 172 motifs trouvés
2025-07-21 12:43:44 - ui.modules.quality_control_module - INFO - _analyze_critere_2:1810 - Pages 1, 2 et 3 du fichier suivi chargées pour analyse critère 2
2025-07-21 12:43:44 - ui.modules.quality_control_module - INFO - _analyze_critere_5:2356 - MOTIF INCORRECT DÉTECTÉ - IMB: IMB/39034/X/006S, Motif: 'OOOK'
2025-07-21 12:43:44 - ui.modules.quality_control_module - INFO - _analyze_critere_5:2356 - MOTIF INCORRECT DÉTECTÉ - IMB: IMB/39034/X/004R, Motif: 'AD RA'
2025-07-21 12:43:44 - ui.modules.quality_control_module - INFO - _analyze_critere_5:2356 - MOTIF INCORRECT DÉTECTÉ - IMB: IMB/39034/X/004X, Motif: 'AD A ANALYSER'
2025-07-21 12:43:44 - ui.modules.quality_control_module - INFO - on_success:1643 - Analyse qualité terminée
2025-07-21 12:43:52 - ui.modules.quality_control_module - INFO - _generate_excel_report:2510 - Début génération rapport Excel: C:/Users/wzaouga/Downloads/test/Etat_De_Lieu_BALAISEAUX_39034_ZAOUGA Wissemkkkkkkkkkkk.xlsx
2025-07-21 12:43:52 - ui.modules.quality_control_module - INFO - _generate_excel_report:2518 - Chemin absolu du fichier: C:\Users\wzaouga\Downloads\test\Etat_De_Lieu_BALAISEAUX_39034_ZAOUGA Wissemkkkkkkkkkkk.xlsx
2025-07-21 12:43:52 - ui.modules.quality_control_module - INFO - _calculate_erreur_banbou_percentage:3995 - Calcul % Erreur Banbou: UPR=N/A, 501/511=OK, NOK=0/1, Résultat=0.0%
2025-07-21 12:43:52 - ui.modules.quality_control_module - INFO - _calculate_conformite_percentage:4121 - Calcul conformité - CMS: 0.000, PA: 0.033, Banbou: 0.000, Écart: 0.031, Score pondéré: 0.021, Conformité: 97.9%
2025-07-21 12:43:52 - ui.modules.quality_control_module - WARNING - _detect_fichiers_manquants:4436 - Fautes majeures fichiers détectées: 2
2025-07-21 12:43:52 - ui.modules.quality_control_module - ERROR - _detect_fichiers_manquants:4438 - FICHIER MANQUANT/INVALIDE - STRUCTURE_QGIS_INVALIDE: Fichier QGis - Colonnes critiques manquantes: A, J, U
2025-07-21 12:43:52 - ui.modules.quality_control_module - ERROR - _detect_fichiers_manquants:4438 - FICHIER MANQUANT/INVALIDE - STRUCTURE_SUIVI_INVALIDE: Fichier Suivi Commune - Structure invalide: 0 page(s) trouvée(s), minimum 2 requises
2025-07-21 12:43:52 - ui.modules.quality_control_module - INFO - _detect_fautes_majeures:4319 - Fautes majeures détectées: 2
2025-07-21 12:43:52 - ui.modules.quality_control_module - WARNING - _detect_fautes_majeures:4321 - FAUTE MAJEURE - STRUCTURE_QGIS_INVALIDE: Fichier QGis - Colonnes critiques manquantes: A, J, U
2025-07-21 12:43:52 - ui.modules.quality_control_module - WARNING - _detect_fautes_majeures:4321 - FAUTE MAJEURE - STRUCTURE_SUIVI_INVALIDE: Fichier Suivi Commune - Structure invalide: 0 page(s) trouvée(s), minimum 2 requises
2025-07-21 12:43:52 - ui.modules.quality_control_module - INFO - _evaluate_commune_status:4062 - Évaluation commune - Statut: KO, Conformité: 97.9%, Fautes majeures: 2
2025-07-21 12:43:52 - ui.modules.quality_control_module - INFO - _calculate_erreur_banbou_percentage:3995 - Calcul % Erreur Banbou: UPR=N/A, 501/511=OK, NOK=0/1, Résultat=0.0%
2025-07-21 12:43:52 - ui.modules.quality_control_module - INFO - _calculate_erreur_banbou_percentage:3995 - Calcul % Erreur Banbou: UPR=N/A, 501/511=OK, NOK=0/1, Résultat=0.0%
2025-07-21 12:43:52 - ui.modules.quality_control_module - INFO - _prepare_excel_data:2807 - Page 2 suivi commune chargée pour bâtiments: (172, 16)
2025-07-21 12:43:52 - ui.modules.quality_control_module - INFO - _prepare_excel_data:2819 - Mapping IMB->Batiment créé: 1 entrées
2025-07-21 12:43:52 - ui.modules.quality_control_module - INFO - _prepare_excel_data:2854 - Ajout de 7 erreurs à la page 3 (C3: 4 doublons + 0 motif OK, C4: 0 ad à analyser, C5: 3 motifs incorrects)
2025-07-21 12:43:52 - ui.modules.quality_control_module - INFO - _generate_excel_report:2528 - Données Excel préparées pour 4 feuilles
2025-07-21 12:43:52 - ui.modules.quality_control_module - ERROR - _write_excel_file:3296 - Erreur écriture fichier Excel: 5 columns passed, passed data had 8 columns
2025-07-21 12:44:26 - ui.modules.quality_control_module - INFO - _analyze_critere_0:1695 - Motifs extraits de la page 2, colonne I: 172 motifs trouvés
2025-07-21 12:44:27 - ui.modules.quality_control_module - INFO - _analyze_critere_2:1810 - Pages 1, 2 et 3 du fichier suivi chargées pour analyse critère 2
2025-07-21 12:44:27 - ui.modules.quality_control_module - INFO - _analyze_critere_5:2356 - MOTIF INCORRECT DÉTECTÉ - IMB: IMB/39034/X/006S, Motif: 'OOOK'
2025-07-21 12:44:27 - ui.modules.quality_control_module - INFO - _analyze_critere_5:2356 - MOTIF INCORRECT DÉTECTÉ - IMB: IMB/39034/X/004R, Motif: 'AD RA'
2025-07-21 12:44:27 - ui.modules.quality_control_module - INFO - _analyze_critere_5:2356 - MOTIF INCORRECT DÉTECTÉ - IMB: IMB/39034/X/004X, Motif: 'AD A ANALYSER'
2025-07-21 12:44:27 - ui.modules.quality_control_module - INFO - on_success:1643 - Analyse qualité terminée
2025-07-21 12:44:36 - ui.modules.quality_control_module - INFO - _generate_excel_report:2510 - Début génération rapport Excel: C:/Users/wzaouga/Downloads/test/yguiopyui.xlsx
2025-07-21 12:44:36 - ui.modules.quality_control_module - INFO - _generate_excel_report:2518 - Chemin absolu du fichier: C:\Users\wzaouga\Downloads\test\yguiopyui.xlsx
2025-07-21 12:44:36 - ui.modules.quality_control_module - INFO - _calculate_erreur_banbou_percentage:3995 - Calcul % Erreur Banbou: UPR=N/A, 501/511=OK, NOK=0/1, Résultat=0.0%
2025-07-21 12:44:36 - ui.modules.quality_control_module - INFO - _calculate_conformite_percentage:4121 - Calcul conformité - CMS: 0.000, PA: 0.033, Banbou: 0.000, Écart: 0.031, Score pondéré: 0.021, Conformité: 97.9%
2025-07-21 12:44:36 - ui.modules.quality_control_module - WARNING - _detect_fichiers_manquants:4436 - Fautes majeures fichiers détectées: 2
2025-07-21 12:44:36 - ui.modules.quality_control_module - ERROR - _detect_fichiers_manquants:4438 - FICHIER MANQUANT/INVALIDE - STRUCTURE_QGIS_INVALIDE: Fichier QGis - Colonnes critiques manquantes: A, J, U
2025-07-21 12:44:36 - ui.modules.quality_control_module - ERROR - _detect_fichiers_manquants:4438 - FICHIER MANQUANT/INVALIDE - STRUCTURE_SUIVI_INVALIDE: Fichier Suivi Commune - Structure invalide: 0 page(s) trouvée(s), minimum 2 requises
2025-07-21 12:44:36 - ui.modules.quality_control_module - INFO - _detect_fautes_majeures:4319 - Fautes majeures détectées: 2
2025-07-21 12:44:36 - ui.modules.quality_control_module - WARNING - _detect_fautes_majeures:4321 - FAUTE MAJEURE - STRUCTURE_QGIS_INVALIDE: Fichier QGis - Colonnes critiques manquantes: A, J, U
2025-07-21 12:44:36 - ui.modules.quality_control_module - WARNING - _detect_fautes_majeures:4321 - FAUTE MAJEURE - STRUCTURE_SUIVI_INVALIDE: Fichier Suivi Commune - Structure invalide: 0 page(s) trouvée(s), minimum 2 requises
2025-07-21 12:44:36 - ui.modules.quality_control_module - INFO - _evaluate_commune_status:4062 - Évaluation commune - Statut: KO, Conformité: 97.9%, Fautes majeures: 2
2025-07-21 12:44:36 - ui.modules.quality_control_module - INFO - _calculate_erreur_banbou_percentage:3995 - Calcul % Erreur Banbou: UPR=N/A, 501/511=OK, NOK=0/1, Résultat=0.0%
2025-07-21 12:44:36 - ui.modules.quality_control_module - INFO - _calculate_erreur_banbou_percentage:3995 - Calcul % Erreur Banbou: UPR=N/A, 501/511=OK, NOK=0/1, Résultat=0.0%
2025-07-21 12:44:36 - ui.modules.quality_control_module - INFO - _prepare_excel_data:2807 - Page 2 suivi commune chargée pour bâtiments: (172, 16)
2025-07-21 12:44:37 - ui.modules.quality_control_module - INFO - _prepare_excel_data:2819 - Mapping IMB->Batiment créé: 1 entrées
2025-07-21 12:44:37 - ui.modules.quality_control_module - INFO - _prepare_excel_data:2854 - Ajout de 7 erreurs à la page 3 (C3: 4 doublons + 0 motif OK, C4: 0 ad à analyser, C5: 3 motifs incorrects)
2025-07-21 12:44:37 - ui.modules.quality_control_module - INFO - _generate_excel_report:2528 - Données Excel préparées pour 4 feuilles
2025-07-21 12:44:37 - ui.modules.quality_control_module - ERROR - _write_excel_file:3296 - Erreur écriture fichier Excel: 5 columns passed, passed data had 8 columns
2025-07-21 12:53:08 - root - INFO - setup_logging:73 - Logging to file: logs\suivi_generator_20250721.log
2025-07-21 12:53:08 - root - INFO - setup_logging:79 - ==================================================
2025-07-21 12:53:08 - root - INFO - setup_logging:80 - Suivi Generator Application Started
2025-07-21 12:53:08 - root - INFO - setup_logging:81 - Log level: INFO
2025-07-21 12:53:08 - root - INFO - setup_logging:82 - File logging: Enabled
2025-07-21 12:53:08 - root - INFO - setup_logging:83 - ==================================================
2025-07-21 12:53:08 - ui.splash_screen - INFO - _init_environment:275 - ============================================================
2025-07-21 12:53:08 - ui.splash_screen - INFO - _init_environment:276 - Starting Pladria - Solutions de traitement et génération de données
2025-07-21 12:53:08 - ui.splash_screen - INFO - _init_environment:277 - Version: 2.5
2025-07-21 12:53:08 - ui.splash_screen - INFO - _init_environment:278 - Author: Equipe BLI
2025-07-21 12:53:08 - ui.splash_screen - INFO - _init_environment:279 - ============================================================
2025-07-21 12:53:08 - main - INFO - start_main_application:80 - Creating main application...
2025-07-21 12:53:08 - ui.responsive_utils - INFO - _detect_dpi_scaling:81 - DPI scaling detected - DPI: 96.0, Scale: 1.00, Font: 0.80, UI: 0.30
2025-07-21 12:53:08 - ui.main_window - INFO - _setup_window:81 - Window maximized using 'zoomed' state
2025-07-21 12:53:08 - ui.styles - INFO - setup_styles:42 - UI styles configured successfully
2025-07-21 12:53:08 - ui.main_window - INFO - _setup_window:106 - Main window configured
2025-07-21 12:53:08 - ui.main_window - INFO - _setup_responsive_fonts:195 - Responsive fonts configured
2025-07-21 12:53:08 - ui.navigation - INFO - _setup_navigation_bar:106 - Sofrecom logo loaded successfully from: C:\Users\wzaouga\Desktop\pladria git\logo_Sofrecom.png
2025-07-21 12:53:08 - ui.navigation - INFO - register_module:195 - Registered module: Générateur Suivi (suivi_generator)
2025-07-21 12:53:08 - ui.navigation - INFO - register_module:195 - Registered module: Suivi Global Tickets (suivi_global)
2025-07-21 12:53:08 - ui.navigation - INFO - register_module:195 - Registered module: Statistiques Équipe (team_stats)
2025-07-21 12:53:08 - ui.navigation - INFO - register_module:195 - Registered module: Visualiseur de Données (data_viewer)
2025-07-21 12:53:08 - ui.navigation - INFO - register_module:195 - Registered module: Contrôle Qualité (quality_control)
2025-07-21 12:53:08 - ui.navigation - INFO - navigate_to:216 - Attempting to navigate to: home
2025-07-21 12:53:09 - ui.main_window - INFO - _set_window_icon:288 - Window icon set with PNG multi-size: 7 sizes
2025-07-21 12:53:09 - ui.main_window - INFO - _set_window_icon:295 - Additional ICO icon set for Windows compatibility
2025-07-21 12:53:09 - ui.main_window - INFO - _set_windows_taskbar_icon:361 - Windows taskbar icon set via API
2025-07-21 12:53:09 - ui.navigation - INFO - navigate_to:251 - Successfully navigated to: home
2025-07-21 12:53:09 - ui.main_window - INFO - _setup_navigation:163 - Navigation system initialized
2025-07-21 12:53:09 - main - INFO - start_main_application:83 - Application created successfully
2025-07-21 12:53:09 - main - INFO - start_main_application:84 - Starting main loop...
2025-07-21 12:53:09 - ui.main_window - INFO - run:371 - Starting application main loop
2025-07-21 12:53:09 - ui.main_window - INFO - _post_init:181 - Window state after initialization: zoomed
2025-07-21 12:53:09 - ui.main_window - INFO - _post_init:189 - Main window initialization complete
2025-07-21 12:53:10 - ui.home_screen - INFO - _open_quality_control:423 - User clicked Quality Control button
2025-07-21 12:53:10 - ui.navigation - INFO - navigate_to:216 - Attempting to navigate to: quality_control
2025-07-21 12:53:10 - ui.navigation - INFO - _load_module:274 - Loading module: quality_control (Contrôle Qualité)
2025-07-21 12:53:10 - ui.modules.quality_control_module - INFO - setup_ui:108 - Interface utilisateur modernisée créée avec succès
2025-07-21 12:53:10 - ui.modules.quality_control_module - INFO - __init__:84 - Module Contrôle Qualité initialisé
2025-07-21 12:53:10 - ui.navigation - INFO - _load_module:299 - Module quality_control created and loaded successfully
2025-07-21 12:53:10 - ui.navigation - INFO - navigate_to:251 - Successfully navigated to: quality_control
2025-07-21 12:53:18 - ui.modules.quality_control_module - INFO - on_success:1133 - Fichier QGis chargé: resultatsk.xlsx
2025-07-21 12:53:27 - ui.modules.quality_control_module - INFO - _detect_info_from_suivi:1311 - Domaine détecté ligne 1: RIP
2025-07-21 12:53:27 - ui.modules.quality_control_module - INFO - _detect_info_from_suivi:1353 - CMS Total détecté ligne 1: 14
2025-07-21 12:53:27 - ui.modules.quality_control_module - INFO - _detect_info_from_suivi:1422 - PA Total détecté ligne 1: 138
2025-07-21 12:53:27 - ui.modules.quality_control_module - INFO - _detect_info_from_suivi:1487 - Collaborateur détecté ligne 1: ZAOUGA Wissem
2025-07-21 12:53:27 - ui.modules.quality_control_module - INFO - _detect_info_from_suivi:1533 - === INFORMATIONS DÉTECTÉES ===
2025-07-21 12:53:27 - ui.modules.quality_control_module - INFO - _detect_info_from_suivi:1534 - Nom de commune (Col A): BALAISEAUX
2025-07-21 12:53:27 - ui.modules.quality_control_module - INFO - _detect_info_from_suivi:1535 - ID tâche (Col B): 2815265
2025-07-21 12:53:27 - ui.modules.quality_control_module - INFO - _detect_info_from_suivi:1536 - Code INSEE (Col C): 39034
2025-07-21 12:53:27 - ui.modules.quality_control_module - INFO - _detect_info_from_suivi:1537 - Domaine (Col D): RIP
2025-07-21 12:53:27 - ui.modules.quality_control_module - INFO - _detect_info_from_suivi:1538 - Collaborateur (Col U): ZAOUGA Wissem
2025-07-21 12:53:27 - ui.modules.quality_control_module - INFO - _detect_info_from_suivi:1539 - CMS Total (Col G): 14
2025-07-21 12:53:27 - ui.modules.quality_control_module - INFO - _detect_info_from_suivi:1540 - PA Total (Col H): 138
2025-07-21 12:53:27 - ui.modules.quality_control_module - INFO - _detect_info_from_suivi:1541 - ==============================
2025-07-21 12:53:27 - ui.modules.quality_control_module - INFO - _detect_info_from_suivi:1557 - === DEBUG LIGNE 2 (INDEX 1) ===
2025-07-21 12:53:27 - ui.modules.quality_control_module - INFO - _detect_info_from_suivi:1565 - ===============================
2025-07-21 12:53:27 - ui.modules.quality_control_module - INFO - on_success:1230 - Fichier suivi chargé: Suivi_BALAISEAUX_2815265_39034.xlsx
2025-07-21 12:53:27 - ui.modules.quality_control_module - INFO - on_success:1231 - Informations détectées: {'commune': 'BALAISEAUX', 'collaborateur': 'ZAOUGA Wissem', 'insee': '39034', 'id_tache': '2815265', 'domaine': 'RIP', 'cms_total': '14', 'pa_total': '138'}
2025-07-21 12:53:30 - ui.modules.quality_control_module - INFO - _analyze_critere_0:1695 - Motifs extraits de la page 2, colonne I: 172 motifs trouvés
2025-07-21 12:53:30 - ui.modules.quality_control_module - INFO - _analyze_critere_2:1810 - Pages 1, 2 et 3 du fichier suivi chargées pour analyse critère 2
2025-07-21 12:53:30 - ui.modules.quality_control_module - INFO - _analyze_critere_5:2356 - MOTIF INCORRECT DÉTECTÉ - IMB: IMB/39034/X/006S, Motif: 'OOOK'
2025-07-21 12:53:30 - ui.modules.quality_control_module - INFO - _analyze_critere_5:2356 - MOTIF INCORRECT DÉTECTÉ - IMB: IMB/39034/X/004R, Motif: 'AD RA'
2025-07-21 12:53:30 - ui.modules.quality_control_module - INFO - _analyze_critere_5:2356 - MOTIF INCORRECT DÉTECTÉ - IMB: IMB/39034/X/004X, Motif: 'AD A ANALYSER'
2025-07-21 12:53:30 - ui.modules.quality_control_module - INFO - on_success:1643 - Analyse qualité terminée
2025-07-21 12:53:36 - ui.modules.quality_control_module - INFO - _generate_excel_report:2510 - Début génération rapport Excel: C:/Users/wzaouga/Downloads/test/Etat_De_Lieu_BALAISEAUX_39034_ZAOUGA Wissemlllllllllllllllllllll.xlsx
2025-07-21 12:53:36 - ui.modules.quality_control_module - INFO - _generate_excel_report:2518 - Chemin absolu du fichier: C:\Users\wzaouga\Downloads\test\Etat_De_Lieu_BALAISEAUX_39034_ZAOUGA Wissemlllllllllllllllllllll.xlsx
2025-07-21 12:53:36 - ui.modules.quality_control_module - INFO - _calculate_erreur_banbou_percentage:4000 - Calcul % Erreur Banbou: UPR=N/A, 501/511=OK, NOK=0/1, Résultat=0.0%
2025-07-21 12:53:36 - ui.modules.quality_control_module - INFO - _calculate_conformite_percentage:4126 - Calcul conformité - CMS: 0.000, PA: 0.033, Banbou: 0.000, Écart: 0.031, Score pondéré: 0.021, Conformité: 97.9%
2025-07-21 12:53:36 - ui.modules.quality_control_module - WARNING - _detect_fichiers_manquants:4441 - Fautes majeures fichiers détectées: 2
2025-07-21 12:53:36 - ui.modules.quality_control_module - ERROR - _detect_fichiers_manquants:4443 - FICHIER MANQUANT/INVALIDE - STRUCTURE_QGIS_INVALIDE: Fichier QGis - Colonnes critiques manquantes: A, J, U
2025-07-21 12:53:36 - ui.modules.quality_control_module - ERROR - _detect_fichiers_manquants:4443 - FICHIER MANQUANT/INVALIDE - STRUCTURE_SUIVI_INVALIDE: Fichier Suivi Commune - Structure invalide: 0 page(s) trouvée(s), minimum 2 requises
2025-07-21 12:53:36 - ui.modules.quality_control_module - INFO - _detect_fautes_majeures:4324 - Fautes majeures détectées: 2
2025-07-21 12:53:36 - ui.modules.quality_control_module - WARNING - _detect_fautes_majeures:4326 - FAUTE MAJEURE - STRUCTURE_QGIS_INVALIDE: Fichier QGis - Colonnes critiques manquantes: A, J, U
2025-07-21 12:53:36 - ui.modules.quality_control_module - WARNING - _detect_fautes_majeures:4326 - FAUTE MAJEURE - STRUCTURE_SUIVI_INVALIDE: Fichier Suivi Commune - Structure invalide: 0 page(s) trouvée(s), minimum 2 requises
2025-07-21 12:53:36 - ui.modules.quality_control_module - INFO - _evaluate_commune_status:4067 - Évaluation commune - Statut: KO, Conformité: 97.9%, Fautes majeures: 2
2025-07-21 12:53:36 - ui.modules.quality_control_module - INFO - _calculate_erreur_banbou_percentage:4000 - Calcul % Erreur Banbou: UPR=N/A, 501/511=OK, NOK=0/1, Résultat=0.0%
2025-07-21 12:53:36 - ui.modules.quality_control_module - INFO - _calculate_erreur_banbou_percentage:4000 - Calcul % Erreur Banbou: UPR=N/A, 501/511=OK, NOK=0/1, Résultat=0.0%
2025-07-21 12:53:36 - ui.modules.quality_control_module - INFO - _prepare_excel_data:2807 - Page 2 suivi commune chargée pour bâtiments: (172, 16)
2025-07-21 12:53:36 - ui.modules.quality_control_module - INFO - _prepare_excel_data:2819 - Mapping IMB->Batiment créé: 1 entrées
2025-07-21 12:53:36 - ui.modules.quality_control_module - INFO - _prepare_excel_data:2854 - Ajout de 7 erreurs à la page 3 (C3: 4 doublons + 0 motif OK, C4: 0 ad à analyser, C5: 3 motifs incorrects)
2025-07-21 12:53:36 - ui.modules.quality_control_module - INFO - _generate_excel_report:2528 - Données Excel préparées pour 4 feuilles
2025-07-21 12:53:36 - ui.modules.quality_control_module - INFO - _write_excel_file:3238 - DataFrames créés pour 4 feuilles
2025-07-21 12:53:36 - ui.modules.quality_control_module - INFO - _add_controleur_validation:3729 - Validation des données ajoutée pour le contrôleur
2025-07-21 12:53:36 - ui.modules.quality_control_module - WARNING - _apply_percentage_formatting:3775 - Erreur lors du formatage des pourcentages: list indices must be integers or slices, not str
2025-07-21 12:53:36 - ui.modules.quality_control_module - INFO - _format_page1:3675 - Mise en forme appliquée à la page 1 (avec bordures)
2025-07-21 12:53:36 - ui.modules.quality_control_module - INFO - _format_page2:3926 - Mise en forme avancée de la page 2 CMS appliquée avec succès
2025-07-21 12:53:36 - ui.modules.quality_control_module - INFO - _format_page3:3824 - Mise en forme appliquée à la page 3 - Contrôle Qualité PA
2025-07-21 12:53:36 - ui.modules.quality_control_module - INFO - _format_page4_ecart:3467 - Mise en forme appliquée à la feuille Ecart
2025-07-21 12:53:36 - ui.modules.quality_control_module - INFO - _write_excel_file:3290 - 4 feuilles Excel écrites: Etat_BALAISEA_ZAOUGA_W, Controle_Qualite_CMS, Controle_Qualite_PA, Ecart
2025-07-21 12:53:37 - ui.modules.quality_control_module - INFO - _write_excel_file:3292 - Fichier Excel écrit avec succès avec mise en forme
2025-07-21 12:53:37 - ui.modules.quality_control_module - INFO - _generate_excel_report:2537 - Fichier créé avec succès: C:\Users\wzaouga\Downloads\test\Etat_De_Lieu_BALAISEAUX_39034_ZAOUGA Wissemlllllllllllllllllllll.xlsx (18656 bytes)
2025-07-21 12:53:38 - ui.modules.quality_control_module - INFO - on_success:2473 - Rapport exporté: C:/Users/wzaouga/Downloads/test/Etat_De_Lieu_BALAISEAUX_39034_ZAOUGA Wissemlllllllllllllllllllll.xlsx
