2025-07-17 16:42:56 - root - INFO - setup_logging:73 - Logging to file: logs\suivi_generator_20250717.log
2025-07-17 16:42:56 - root - INFO - setup_logging:79 - ==================================================
2025-07-17 16:42:56 - root - INFO - setup_logging:80 - Suivi Generator Application Started
2025-07-17 16:42:56 - root - INFO - setup_logging:81 - Log level: INFO
2025-07-17 16:42:56 - root - INFO - setup_logging:82 - File logging: Enabled
2025-07-17 16:42:56 - root - INFO - setup_logging:83 - ==================================================
2025-07-17 16:42:56 - ui.splash_screen - INFO - _init_environment:275 - ============================================================
2025-07-17 16:42:56 - ui.splash_screen - INFO - _init_environment:276 - Starting Pladria - Solutions de traitement et génération de données
2025-07-17 16:42:56 - ui.splash_screen - INFO - _init_environment:277 - Version: 2.5
2025-07-17 16:42:56 - ui.splash_screen - INFO - _init_environment:278 - Author: Equipe BLI
2025-07-17 16:42:56 - ui.splash_screen - INFO - _init_environment:279 - ============================================================
2025-07-17 16:42:56 - main - INFO - start_main_application:80 - Creating main application...
2025-07-17 16:42:56 - ui.responsive_utils - INFO - _detect_dpi_scaling:81 - DPI scaling detected - DPI: 96.0, Scale: 1.00, Font: 0.80, UI: 0.30
2025-07-17 16:42:56 - ui.main_window - INFO - _setup_window:81 - Window maximized using 'zoomed' state
2025-07-17 16:42:56 - ui.styles - INFO - setup_styles:42 - UI styles configured successfully
2025-07-17 16:42:56 - ui.main_window - INFO - _setup_window:106 - Main window configured
2025-07-17 16:42:56 - ui.main_window - INFO - _setup_responsive_fonts:195 - Responsive fonts configured
2025-07-17 16:42:57 - ui.navigation - INFO - _setup_navigation_bar:106 - Sofrecom logo loaded successfully from: C:\Users\wzaouga\Desktop\pladria git\logo_Sofrecom.png
2025-07-17 16:42:57 - ui.navigation - INFO - register_module:195 - Registered module: Générateur Suivi (suivi_generator)
2025-07-17 16:42:57 - ui.navigation - INFO - register_module:195 - Registered module: Suivi Global Tickets (suivi_global)
2025-07-17 16:42:57 - ui.navigation - INFO - register_module:195 - Registered module: Statistiques Équipe (team_stats)
2025-07-17 16:42:57 - ui.navigation - INFO - register_module:195 - Registered module: Visualiseur de Données (data_viewer)
2025-07-17 16:42:57 - ui.navigation - INFO - register_module:195 - Registered module: Contrôle Qualité (quality_control)
2025-07-17 16:42:57 - ui.navigation - INFO - navigate_to:216 - Attempting to navigate to: home
2025-07-17 16:42:57 - ui.main_window - INFO - _set_window_icon:288 - Window icon set with PNG multi-size: 7 sizes
2025-07-17 16:42:57 - ui.main_window - INFO - _set_window_icon:295 - Additional ICO icon set for Windows compatibility
2025-07-17 16:42:57 - ui.main_window - INFO - _set_windows_taskbar_icon:361 - Windows taskbar icon set via API
2025-07-17 16:42:58 - ui.navigation - INFO - navigate_to:251 - Successfully navigated to: home
2025-07-17 16:42:58 - ui.main_window - INFO - _setup_navigation:163 - Navigation system initialized
2025-07-17 16:42:58 - main - INFO - start_main_application:83 - Application created successfully
2025-07-17 16:42:58 - main - INFO - start_main_application:84 - Starting main loop...
2025-07-17 16:42:58 - ui.main_window - INFO - run:371 - Starting application main loop
2025-07-17 16:42:58 - ui.main_window - INFO - _post_init:181 - Window state after initialization: zoomed
2025-07-17 16:42:58 - ui.main_window - INFO - _post_init:189 - Main window initialization complete
2025-07-17 16:43:00 - ui.home_screen - INFO - _open_quality_control:423 - User clicked Quality Control button
2025-07-17 16:43:00 - ui.navigation - INFO - navigate_to:216 - Attempting to navigate to: quality_control
2025-07-17 16:43:00 - ui.navigation - INFO - _load_module:274 - Loading module: quality_control (Contrôle Qualité)
2025-07-17 16:43:00 - ui.modules.quality_control_module - INFO - setup_ui:89 - Interface utilisateur ultra-compacte créée avec succès
2025-07-17 16:43:00 - ui.modules.quality_control_module - INFO - __init__:65 - Module Contrôle Qualité initialisé
2025-07-17 16:43:00 - ui.navigation - INFO - _load_module:299 - Module quality_control created and loaded successfully
2025-07-17 16:43:00 - ui.navigation - INFO - navigate_to:251 - Successfully navigated to: quality_control
2025-07-17 16:43:02 - ui.navigation - INFO - navigate_to:216 - Attempting to navigate to: home
2025-07-17 16:43:03 - ui.navigation - INFO - navigate_to:251 - Successfully navigated to: home
2025-07-17 16:43:03 - ui.navigation - INFO - navigate_to:216 - Attempting to navigate to: home
2025-07-17 16:43:03 - ui.navigation - INFO - navigate_to:251 - Successfully navigated to: home
2025-07-17 16:43:13 - ui.home_screen - INFO - _open_quality_control:423 - User clicked Quality Control button
2025-07-17 16:43:13 - ui.navigation - INFO - navigate_to:216 - Attempting to navigate to: quality_control
2025-07-17 16:43:13 - ui.navigation - INFO - _load_module:274 - Loading module: quality_control (Contrôle Qualité)
2025-07-17 16:43:13 - ui.modules.quality_control_module - INFO - setup_ui:89 - Interface utilisateur ultra-compacte créée avec succès
2025-07-17 16:43:13 - ui.modules.quality_control_module - INFO - __init__:65 - Module Contrôle Qualité initialisé
2025-07-17 16:43:13 - ui.navigation - INFO - _load_module:299 - Module quality_control created and loaded successfully
2025-07-17 16:43:14 - ui.navigation - INFO - navigate_to:251 - Successfully navigated to: quality_control
2025-07-17 16:44:50 - ui.responsive_utils - INFO - _detect_dpi_scaling:81 - DPI scaling detected - DPI: 96.0, Scale: 1.00, Font: 0.80, UI: 0.30
2025-07-17 16:44:52 - ui.responsive_utils - INFO - _detect_dpi_scaling:81 - DPI scaling detected - DPI: 96.0, Scale: 1.00, Font: 0.80, UI: 0.30
2025-07-17 16:51:59 - main - INFO - start_main_application:88 - Application closed normally
2025-07-17 16:52:40 - root - INFO - setup_logging:73 - Logging to file: logs\suivi_generator_20250717.log
2025-07-17 16:52:40 - root - INFO - setup_logging:79 - ==================================================
2025-07-17 16:52:40 - root - INFO - setup_logging:80 - Suivi Generator Application Started
2025-07-17 16:52:40 - root - INFO - setup_logging:81 - Log level: INFO
2025-07-17 16:52:40 - root - INFO - setup_logging:82 - File logging: Enabled
2025-07-17 16:52:40 - root - INFO - setup_logging:83 - ==================================================
2025-07-17 16:52:40 - ui.splash_screen - INFO - _init_environment:275 - ============================================================
2025-07-17 16:52:40 - ui.splash_screen - INFO - _init_environment:276 - Starting Pladria - Solutions de traitement et génération de données
2025-07-17 16:52:40 - ui.splash_screen - INFO - _init_environment:277 - Version: 2.5
2025-07-17 16:52:40 - ui.splash_screen - INFO - _init_environment:278 - Author: Equipe BLI
2025-07-17 16:52:40 - ui.splash_screen - INFO - _init_environment:279 - ============================================================
2025-07-17 16:52:40 - main - INFO - start_main_application:80 - Creating main application...
2025-07-17 16:52:41 - ui.responsive_utils - INFO - _detect_dpi_scaling:81 - DPI scaling detected - DPI: 96.0, Scale: 1.00, Font: 0.80, UI: 0.30
2025-07-17 16:52:41 - ui.main_window - INFO - _setup_window:81 - Window maximized using 'zoomed' state
2025-07-17 16:52:41 - ui.styles - INFO - setup_styles:42 - UI styles configured successfully
2025-07-17 16:52:41 - ui.main_window - INFO - _setup_window:106 - Main window configured
2025-07-17 16:52:41 - ui.main_window - INFO - _setup_responsive_fonts:195 - Responsive fonts configured
2025-07-17 16:52:41 - ui.navigation - INFO - _setup_navigation_bar:106 - Sofrecom logo loaded successfully from: C:\Users\wzaouga\Desktop\pladria git\logo_Sofrecom.png
2025-07-17 16:52:41 - ui.navigation - INFO - register_module:195 - Registered module: Générateur Suivi (suivi_generator)
2025-07-17 16:52:41 - ui.navigation - INFO - register_module:195 - Registered module: Suivi Global Tickets (suivi_global)
2025-07-17 16:52:41 - ui.navigation - INFO - register_module:195 - Registered module: Statistiques Équipe (team_stats)
2025-07-17 16:52:41 - ui.navigation - INFO - register_module:195 - Registered module: Visualiseur de Données (data_viewer)
2025-07-17 16:52:41 - ui.navigation - INFO - register_module:195 - Registered module: Contrôle Qualité (quality_control)
2025-07-17 16:52:41 - ui.navigation - INFO - navigate_to:216 - Attempting to navigate to: home
2025-07-17 16:52:41 - ui.main_window - INFO - _set_window_icon:288 - Window icon set with PNG multi-size: 7 sizes
2025-07-17 16:52:41 - ui.main_window - INFO - _set_window_icon:295 - Additional ICO icon set for Windows compatibility
2025-07-17 16:52:41 - ui.main_window - INFO - _set_windows_taskbar_icon:361 - Windows taskbar icon set via API
2025-07-17 16:52:42 - ui.navigation - INFO - navigate_to:251 - Successfully navigated to: home
2025-07-17 16:52:42 - ui.main_window - INFO - _setup_navigation:163 - Navigation system initialized
2025-07-17 16:52:42 - main - INFO - start_main_application:83 - Application created successfully
2025-07-17 16:52:42 - main - INFO - start_main_application:84 - Starting main loop...
2025-07-17 16:52:42 - ui.main_window - INFO - run:371 - Starting application main loop
2025-07-17 16:52:42 - ui.main_window - INFO - _post_init:181 - Window state after initialization: zoomed
2025-07-17 16:52:42 - ui.main_window - INFO - _post_init:189 - Main window initialization complete
2025-07-17 16:52:43 - ui.home_screen - INFO - _open_quality_control:423 - User clicked Quality Control button
2025-07-17 16:52:43 - ui.navigation - INFO - navigate_to:216 - Attempting to navigate to: quality_control
2025-07-17 16:52:43 - ui.navigation - INFO - _load_module:274 - Loading module: quality_control (Contrôle Qualité)
2025-07-17 16:52:43 - ui.modules.quality_control_module - INFO - setup_ui:89 - Interface utilisateur ultra-compacte créée avec succès
2025-07-17 16:52:43 - ui.modules.quality_control_module - INFO - __init__:65 - Module Contrôle Qualité initialisé
2025-07-17 16:52:43 - ui.navigation - INFO - _load_module:299 - Module quality_control created and loaded successfully
2025-07-17 16:52:43 - ui.navigation - INFO - navigate_to:251 - Successfully navigated to: quality_control
2025-07-17 16:52:53 - ui.modules.quality_control_module - INFO - on_success:1094 - Fichier QGis chargé: resultats.xlsx
2025-07-17 16:52:57 - ui.modules.quality_control_module - INFO - _detect_info_from_suivi:1240 - Domaine détecté ligne 1: RIP
2025-07-17 16:52:57 - ui.modules.quality_control_module - INFO - _detect_info_from_suivi:1282 - CMS Total détecté ligne 1: 14
2025-07-17 16:52:57 - ui.modules.quality_control_module - INFO - _detect_info_from_suivi:1351 - PA Total détecté ligne 1: 139
2025-07-17 16:52:57 - ui.modules.quality_control_module - INFO - _detect_info_from_suivi:1416 - Collaborateur détecté ligne 1: ZAOUGA Wissem
2025-07-17 16:52:57 - ui.modules.quality_control_module - INFO - _detect_info_from_suivi:1462 - === INFORMATIONS DÉTECTÉES ===
2025-07-17 16:52:57 - ui.modules.quality_control_module - INFO - _detect_info_from_suivi:1463 - Nom de commune (Col A): BALAISEAUX
2025-07-17 16:52:57 - ui.modules.quality_control_module - INFO - _detect_info_from_suivi:1464 - ID tâche (Col B): 2815265
2025-07-17 16:52:57 - ui.modules.quality_control_module - INFO - _detect_info_from_suivi:1465 - Code INSEE (Col C): 39034
2025-07-17 16:52:57 - ui.modules.quality_control_module - INFO - _detect_info_from_suivi:1466 - Domaine (Col D): RIP
2025-07-17 16:52:57 - ui.modules.quality_control_module - INFO - _detect_info_from_suivi:1467 - Collaborateur (Col U): ZAOUGA Wissem
2025-07-17 16:52:57 - ui.modules.quality_control_module - INFO - _detect_info_from_suivi:1468 - CMS Total (Col G): 14
2025-07-17 16:52:57 - ui.modules.quality_control_module - INFO - _detect_info_from_suivi:1469 - PA Total (Col H): 139
2025-07-17 16:52:57 - ui.modules.quality_control_module - INFO - _detect_info_from_suivi:1470 - ==============================
2025-07-17 16:52:57 - ui.modules.quality_control_module - INFO - _detect_info_from_suivi:1486 - === DEBUG LIGNE 2 (INDEX 1) ===
2025-07-17 16:52:57 - ui.modules.quality_control_module - INFO - _detect_info_from_suivi:1494 - ===============================
2025-07-17 16:52:57 - ui.modules.quality_control_module - INFO - on_success:1164 - Fichier suivi chargé: Suivi_BALAISEAUX_2815265_39034.xlsx
2025-07-17 16:52:57 - ui.modules.quality_control_module - INFO - on_success:1165 - Informations détectées: {'commune': 'BALAISEAUX', 'collaborateur': 'ZAOUGA Wissem', 'insee': '39034', 'id_tache': '2815265', 'domaine': 'RIP', 'cms_total': '14', 'pa_total': '139'}
2025-07-17 16:53:01 - ui.modules.quality_control_module - INFO - _analyze_critere_0:1609 - Motifs extraits de la page 2, colonne I: 173 motifs trouvés
2025-07-17 16:53:01 - ui.modules.quality_control_module - INFO - _analyze_critere_2:1724 - Pages 1, 2 et 3 du fichier suivi chargées pour analyse critère 2
2025-07-17 16:53:01 - ui.modules.quality_control_module - INFO - on_success:1562 - Analyse qualité terminée
2025-07-17 16:53:12 - ui.modules.quality_control_module - INFO - _generate_excel_report:2404 - Début génération rapport Excel: C:/Users/wzaouga/Downloads/test/Etat_De_Lieu_BALAISEAUX_39034_ZAOUGA Wissem.xlsx
2025-07-17 16:53:12 - ui.modules.quality_control_module - INFO - _generate_excel_report:2412 - Chemin absolu du fichier: C:\Users\wzaouga\Downloads\test\Etat_De_Lieu_BALAISEAUX_39034_ZAOUGA Wissem.xlsx
2025-07-17 16:53:12 - ui.modules.quality_control_module - INFO - _calculate_erreur_banbou_percentage:3288 - Calcul % Erreur Banbou: UPR=N/A, 501/511=OK, NOK=0/1, Résultat=0.0%
2025-07-17 16:53:12 - ui.modules.quality_control_module - INFO - _calculate_erreur_banbou_percentage:3288 - Calcul % Erreur Banbou: UPR=N/A, 501/511=OK, NOK=0/1, Résultat=0.0%
2025-07-17 16:53:12 - ui.modules.quality_control_module - INFO - _prepare_excel_data:2564 - Page 2 suivi commune chargée pour bâtiments: (173, 16)
2025-07-17 16:53:12 - ui.modules.quality_control_module - INFO - _prepare_excel_data:2576 - Mapping IMB->Batiment créé: 1 entrées
2025-07-17 16:53:12 - ui.modules.quality_control_module - INFO - _prepare_excel_data:2611 - Ajout de 4 erreurs à la page 3 (C3: 4 doublons + 0 motif OK, C4: 0 ad à analyser, C5: 0 motifs incorrects)
2025-07-17 16:53:12 - ui.modules.quality_control_module - INFO - _generate_excel_report:2422 - Données Excel préparées pour 4 feuilles
2025-07-17 16:53:12 - ui.modules.quality_control_module - INFO - _write_excel_file:2753 - DataFrames créés pour 4 feuilles
2025-07-17 16:53:12 - ui.modules.quality_control_module - INFO - _add_controleur_validation:3074 - Validation des données ajoutée pour le contrôleur
2025-07-17 16:53:12 - ui.modules.quality_control_module - WARNING - _apply_percentage_formatting:3115 - Erreur lors du formatage des pourcentages: list indices must be integers or slices, not str
2025-07-17 16:53:12 - ui.modules.quality_control_module - INFO - _format_page1:3020 - Mise en forme appliquée à la page 1 (avec bordures)
2025-07-17 16:53:12 - ui.modules.quality_control_module - INFO - _format_page2:3214 - Mise en forme de la page 2 appliquée avec validation de données
2025-07-17 16:53:12 - ui.modules.quality_control_module - INFO - _format_page3:3164 - Mise en forme appliquée à la page 3 - Contrôle Qualité PA
2025-07-17 16:53:12 - ui.modules.quality_control_module - INFO - _format_page4_ecart:2892 - Mise en forme appliquée à la feuille Ecart
2025-07-17 16:53:12 - ui.modules.quality_control_module - INFO - _write_excel_file:2802 - 4 feuilles Excel écrites: Etat de lieu, Controle Qualité CMS, Controle Qualité PA, Ecart
2025-07-17 16:53:12 - ui.modules.quality_control_module - INFO - _write_excel_file:2804 - Fichier Excel écrit avec succès avec mise en forme
2025-07-17 16:53:12 - ui.modules.quality_control_module - INFO - _generate_excel_report:2431 - Fichier créé avec succès: C:\Users\wzaouga\Downloads\test\Etat_De_Lieu_BALAISEAUX_39034_ZAOUGA Wissem.xlsx (11500 bytes)
2025-07-17 16:53:14 - ui.modules.quality_control_module - INFO - on_success:2377 - Rapport exporté: C:/Users/wzaouga/Downloads/test/Etat_De_Lieu_BALAISEAUX_39034_ZAOUGA Wissem.xlsx
2025-07-17 17:06:34 - root - INFO - setup_logging:73 - Logging to file: logs\suivi_generator_20250717.log
2025-07-17 17:06:34 - root - INFO - setup_logging:79 - ==================================================
2025-07-17 17:06:34 - root - INFO - setup_logging:80 - Suivi Generator Application Started
2025-07-17 17:06:34 - root - INFO - setup_logging:81 - Log level: INFO
2025-07-17 17:06:34 - root - INFO - setup_logging:82 - File logging: Enabled
2025-07-17 17:06:34 - root - INFO - setup_logging:83 - ==================================================
2025-07-17 17:06:34 - ui.splash_screen - INFO - _init_environment:275 - ============================================================
2025-07-17 17:06:34 - ui.splash_screen - INFO - _init_environment:276 - Starting Pladria - Solutions de traitement et génération de données
2025-07-17 17:06:34 - ui.splash_screen - INFO - _init_environment:277 - Version: 2.5
2025-07-17 17:06:34 - ui.splash_screen - INFO - _init_environment:278 - Author: Equipe BLI
2025-07-17 17:06:34 - ui.splash_screen - INFO - _init_environment:279 - ============================================================
2025-07-17 17:06:34 - main - INFO - start_main_application:80 - Creating main application...
2025-07-17 17:06:34 - ui.responsive_utils - INFO - _detect_dpi_scaling:81 - DPI scaling detected - DPI: 96.0, Scale: 1.00, Font: 0.80, UI: 0.30
2025-07-17 17:06:34 - ui.main_window - INFO - _setup_window:81 - Window maximized using 'zoomed' state
2025-07-17 17:06:34 - ui.styles - INFO - setup_styles:42 - UI styles configured successfully
2025-07-17 17:06:34 - ui.main_window - INFO - _setup_window:106 - Main window configured
2025-07-17 17:06:34 - ui.main_window - INFO - _setup_responsive_fonts:195 - Responsive fonts configured
2025-07-17 17:06:35 - ui.navigation - INFO - _setup_navigation_bar:106 - Sofrecom logo loaded successfully from: C:\Users\wzaouga\Desktop\pladria git\logo_Sofrecom.png
2025-07-17 17:06:35 - ui.navigation - INFO - register_module:195 - Registered module: Générateur Suivi (suivi_generator)
2025-07-17 17:06:35 - ui.navigation - INFO - register_module:195 - Registered module: Suivi Global Tickets (suivi_global)
2025-07-17 17:06:35 - ui.navigation - INFO - register_module:195 - Registered module: Statistiques Équipe (team_stats)
2025-07-17 17:06:35 - ui.navigation - INFO - register_module:195 - Registered module: Visualiseur de Données (data_viewer)
2025-07-17 17:06:35 - ui.navigation - INFO - register_module:195 - Registered module: Contrôle Qualité (quality_control)
2025-07-17 17:06:35 - ui.navigation - INFO - navigate_to:216 - Attempting to navigate to: home
2025-07-17 17:06:35 - ui.main_window - INFO - _set_window_icon:288 - Window icon set with PNG multi-size: 7 sizes
2025-07-17 17:06:35 - ui.main_window - INFO - _set_window_icon:295 - Additional ICO icon set for Windows compatibility
2025-07-17 17:06:35 - ui.main_window - INFO - _set_windows_taskbar_icon:361 - Windows taskbar icon set via API
2025-07-17 17:06:36 - ui.navigation - INFO - navigate_to:251 - Successfully navigated to: home
2025-07-17 17:06:36 - ui.main_window - INFO - _setup_navigation:163 - Navigation system initialized
2025-07-17 17:06:36 - main - INFO - start_main_application:83 - Application created successfully
2025-07-17 17:06:36 - main - INFO - start_main_application:84 - Starting main loop...
2025-07-17 17:06:36 - ui.main_window - INFO - run:371 - Starting application main loop
2025-07-17 17:06:36 - ui.main_window - INFO - _post_init:181 - Window state after initialization: zoomed
2025-07-17 17:06:36 - ui.main_window - INFO - _post_init:189 - Main window initialization complete
2025-07-17 17:06:36 - ui.home_screen - INFO - _open_quality_control:423 - User clicked Quality Control button
2025-07-17 17:06:36 - ui.navigation - INFO - navigate_to:216 - Attempting to navigate to: quality_control
2025-07-17 17:06:36 - ui.navigation - INFO - _load_module:274 - Loading module: quality_control (Contrôle Qualité)
2025-07-17 17:06:37 - ui.modules.quality_control_module - INFO - setup_ui:89 - Interface utilisateur ultra-compacte créée avec succès
2025-07-17 17:06:37 - ui.modules.quality_control_module - INFO - __init__:65 - Module Contrôle Qualité initialisé
2025-07-17 17:06:37 - ui.navigation - INFO - _load_module:299 - Module quality_control created and loaded successfully
2025-07-17 17:06:37 - ui.navigation - INFO - navigate_to:251 - Successfully navigated to: quality_control
2025-07-17 17:06:47 - ui.modules.quality_control_module - INFO - on_success:1094 - Fichier QGis chargé: resultats.xlsx
2025-07-17 17:06:53 - ui.modules.quality_control_module - INFO - _detect_info_from_suivi:1240 - Domaine détecté ligne 1: RIP
2025-07-17 17:06:53 - ui.modules.quality_control_module - INFO - _detect_info_from_suivi:1282 - CMS Total détecté ligne 1: 14
2025-07-17 17:06:53 - ui.modules.quality_control_module - INFO - _detect_info_from_suivi:1351 - PA Total détecté ligne 1: 139
2025-07-17 17:06:53 - ui.modules.quality_control_module - INFO - _detect_info_from_suivi:1416 - Collaborateur détecté ligne 1: ZAOUGA Wissem
2025-07-17 17:06:53 - ui.modules.quality_control_module - INFO - _detect_info_from_suivi:1462 - === INFORMATIONS DÉTECTÉES ===
2025-07-17 17:06:53 - ui.modules.quality_control_module - INFO - _detect_info_from_suivi:1463 - Nom de commune (Col A): BALAISEAUX
2025-07-17 17:06:53 - ui.modules.quality_control_module - INFO - _detect_info_from_suivi:1464 - ID tâche (Col B): 2815265
2025-07-17 17:06:53 - ui.modules.quality_control_module - INFO - _detect_info_from_suivi:1465 - Code INSEE (Col C): 39034
2025-07-17 17:06:53 - ui.modules.quality_control_module - INFO - _detect_info_from_suivi:1466 - Domaine (Col D): RIP
2025-07-17 17:06:53 - ui.modules.quality_control_module - INFO - _detect_info_from_suivi:1467 - Collaborateur (Col U): ZAOUGA Wissem
2025-07-17 17:06:53 - ui.modules.quality_control_module - INFO - _detect_info_from_suivi:1468 - CMS Total (Col G): 14
2025-07-17 17:06:53 - ui.modules.quality_control_module - INFO - _detect_info_from_suivi:1469 - PA Total (Col H): 139
2025-07-17 17:06:53 - ui.modules.quality_control_module - INFO - _detect_info_from_suivi:1470 - ==============================
2025-07-17 17:06:53 - ui.modules.quality_control_module - INFO - _detect_info_from_suivi:1486 - === DEBUG LIGNE 2 (INDEX 1) ===
2025-07-17 17:06:53 - ui.modules.quality_control_module - INFO - _detect_info_from_suivi:1494 - ===============================
2025-07-17 17:06:53 - ui.modules.quality_control_module - INFO - on_success:1164 - Fichier suivi chargé: Suivi_BALAISEAUX_2815265_39034.xlsx
2025-07-17 17:06:53 - ui.modules.quality_control_module - INFO - on_success:1165 - Informations détectées: {'commune': 'BALAISEAUX', 'collaborateur': 'ZAOUGA Wissem', 'insee': '39034', 'id_tache': '2815265', 'domaine': 'RIP', 'cms_total': '14', 'pa_total': '139'}
2025-07-17 17:06:57 - ui.modules.quality_control_module - INFO - _analyze_critere_0:1609 - Motifs extraits de la page 2, colonne I: 173 motifs trouvés
2025-07-17 17:06:57 - ui.modules.quality_control_module - INFO - _analyze_critere_2:1724 - Pages 1, 2 et 3 du fichier suivi chargées pour analyse critère 2
2025-07-17 17:06:57 - ui.modules.quality_control_module - INFO - on_success:1562 - Analyse qualité terminée
2025-07-17 17:07:13 - ui.modules.quality_control_module - INFO - _generate_excel_report:2404 - Début génération rapport Excel: C:/Users/wzaouga/Downloads/test/Etat_De_Lieu_BALAISEAUX_39034_ZAOUGA Wissem22.xlsx
2025-07-17 17:07:13 - ui.modules.quality_control_module - INFO - _generate_excel_report:2412 - Chemin absolu du fichier: C:\Users\wzaouga\Downloads\test\Etat_De_Lieu_BALAISEAUX_39034_ZAOUGA Wissem22.xlsx
2025-07-17 17:07:13 - ui.modules.quality_control_module - INFO - _calculate_erreur_banbou_percentage:3451 - Calcul % Erreur Banbou: UPR=N/A, 501/511=OK, NOK=0/1, Résultat=0.0%
2025-07-17 17:07:13 - ui.modules.quality_control_module - INFO - _calculate_erreur_banbou_percentage:3451 - Calcul % Erreur Banbou: UPR=N/A, 501/511=OK, NOK=0/1, Résultat=0.0%
2025-07-17 17:07:13 - ui.modules.quality_control_module - INFO - _prepare_excel_data:2564 - Page 2 suivi commune chargée pour bâtiments: (173, 16)
2025-07-17 17:07:13 - ui.modules.quality_control_module - INFO - _prepare_excel_data:2576 - Mapping IMB->Batiment créé: 1 entrées
2025-07-17 17:07:13 - ui.modules.quality_control_module - INFO - _prepare_excel_data:2611 - Ajout de 4 erreurs à la page 3 (C3: 4 doublons + 0 motif OK, C4: 0 ad à analyser, C5: 0 motifs incorrects)
2025-07-17 17:07:13 - ui.modules.quality_control_module - INFO - _generate_excel_report:2422 - Données Excel préparées pour 4 feuilles
2025-07-17 17:07:13 - ui.modules.quality_control_module - INFO - _write_excel_file:2901 - DataFrames créés pour 4 feuilles
2025-07-17 17:07:13 - ui.modules.quality_control_module - INFO - _add_controleur_validation:3237 - Validation des données ajoutée pour le contrôleur
2025-07-17 17:07:13 - ui.modules.quality_control_module - WARNING - _apply_percentage_formatting:3278 - Erreur lors du formatage des pourcentages: list indices must be integers or slices, not str
2025-07-17 17:07:13 - ui.modules.quality_control_module - INFO - _format_page1:3183 - Mise en forme appliquée à la page 1 (avec bordures)
2025-07-17 17:07:13 - ui.modules.quality_control_module - INFO - _format_page2:3377 - Mise en forme de la page 2 appliquée avec validation de données
2025-07-17 17:07:13 - ui.modules.quality_control_module - INFO - _format_page3:3327 - Mise en forme appliquée à la page 3 - Contrôle Qualité PA
2025-07-17 17:07:13 - ui.modules.quality_control_module - INFO - _format_page4_ecart:3055 - Mise en forme appliquée à la feuille Ecart
2025-07-17 17:07:13 - ui.modules.quality_control_module - INFO - _write_excel_file:2950 - 4 feuilles Excel écrites: Etat de lieu, Controle Qualité CMS, Controle Qualité PA, Ecart
2025-07-17 17:07:13 - ui.modules.quality_control_module - INFO - _write_excel_file:2952 - Fichier Excel écrit avec succès avec mise en forme
2025-07-17 17:07:13 - ui.modules.quality_control_module - INFO - _generate_excel_report:2431 - Fichier créé avec succès: C:\Users\wzaouga\Downloads\test\Etat_De_Lieu_BALAISEAUX_39034_ZAOUGA Wissem22.xlsx (15620 bytes)
2025-07-17 17:07:14 - ui.modules.quality_control_module - INFO - on_success:2377 - Rapport exporté: C:/Users/wzaouga/Downloads/test/Etat_De_Lieu_BALAISEAUX_39034_ZAOUGA Wissem22.xlsx
2025-07-17 17:18:47 - root - INFO - setup_logging:73 - Logging to file: logs\suivi_generator_20250717.log
2025-07-17 17:18:47 - root - INFO - setup_logging:79 - ==================================================
2025-07-17 17:18:47 - root - INFO - setup_logging:80 - Suivi Generator Application Started
2025-07-17 17:18:47 - root - INFO - setup_logging:81 - Log level: INFO
2025-07-17 17:18:47 - root - INFO - setup_logging:82 - File logging: Enabled
2025-07-17 17:18:47 - root - INFO - setup_logging:83 - ==================================================
2025-07-17 17:18:47 - ui.splash_screen - INFO - _init_environment:275 - ============================================================
2025-07-17 17:18:47 - ui.splash_screen - INFO - _init_environment:276 - Starting Pladria - Solutions de traitement et génération de données
2025-07-17 17:18:47 - ui.splash_screen - INFO - _init_environment:277 - Version: 2.5
2025-07-17 17:18:47 - ui.splash_screen - INFO - _init_environment:278 - Author: Equipe BLI
2025-07-17 17:18:47 - ui.splash_screen - INFO - _init_environment:279 - ============================================================
2025-07-17 17:18:47 - main - INFO - start_main_application:80 - Creating main application...
2025-07-17 17:18:47 - ui.responsive_utils - INFO - _detect_dpi_scaling:81 - DPI scaling detected - DPI: 96.0, Scale: 1.00, Font: 0.80, UI: 0.30
2025-07-17 17:18:47 - ui.main_window - INFO - _setup_window:81 - Window maximized using 'zoomed' state
2025-07-17 17:18:47 - ui.styles - INFO - setup_styles:42 - UI styles configured successfully
2025-07-17 17:18:47 - ui.main_window - INFO - _setup_window:106 - Main window configured
2025-07-17 17:18:47 - ui.main_window - INFO - _setup_responsive_fonts:195 - Responsive fonts configured
2025-07-17 17:18:48 - ui.navigation - INFO - _setup_navigation_bar:106 - Sofrecom logo loaded successfully from: C:\Users\wzaouga\Desktop\pladria git\logo_Sofrecom.png
2025-07-17 17:18:48 - ui.navigation - INFO - register_module:195 - Registered module: Générateur Suivi (suivi_generator)
2025-07-17 17:18:48 - ui.navigation - INFO - register_module:195 - Registered module: Suivi Global Tickets (suivi_global)
2025-07-17 17:18:48 - ui.navigation - INFO - register_module:195 - Registered module: Statistiques Équipe (team_stats)
2025-07-17 17:18:48 - ui.navigation - INFO - register_module:195 - Registered module: Visualiseur de Données (data_viewer)
2025-07-17 17:18:48 - ui.navigation - INFO - register_module:195 - Registered module: Contrôle Qualité (quality_control)
2025-07-17 17:18:48 - ui.navigation - INFO - navigate_to:216 - Attempting to navigate to: home
2025-07-17 17:18:48 - ui.main_window - INFO - _set_window_icon:288 - Window icon set with PNG multi-size: 7 sizes
2025-07-17 17:18:48 - ui.main_window - INFO - _set_window_icon:295 - Additional ICO icon set for Windows compatibility
2025-07-17 17:18:48 - ui.main_window - INFO - _set_windows_taskbar_icon:361 - Windows taskbar icon set via API
2025-07-17 17:18:49 - ui.navigation - INFO - navigate_to:251 - Successfully navigated to: home
2025-07-17 17:18:49 - ui.main_window - INFO - _setup_navigation:163 - Navigation system initialized
2025-07-17 17:18:49 - main - INFO - start_main_application:83 - Application created successfully
2025-07-17 17:18:49 - main - INFO - start_main_application:84 - Starting main loop...
2025-07-17 17:18:49 - ui.main_window - INFO - run:371 - Starting application main loop
2025-07-17 17:18:49 - ui.main_window - INFO - _post_init:181 - Window state after initialization: zoomed
2025-07-17 17:18:49 - ui.main_window - INFO - _post_init:189 - Main window initialization complete
2025-07-17 17:18:50 - ui.home_screen - INFO - _open_quality_control:423 - User clicked Quality Control button
2025-07-17 17:18:50 - ui.navigation - INFO - navigate_to:216 - Attempting to navigate to: quality_control
2025-07-17 17:18:50 - ui.navigation - INFO - _load_module:274 - Loading module: quality_control (Contrôle Qualité)
2025-07-17 17:18:50 - ui.modules.quality_control_module - INFO - setup_ui:89 - Interface utilisateur ultra-compacte créée avec succès
2025-07-17 17:18:50 - ui.modules.quality_control_module - INFO - __init__:65 - Module Contrôle Qualité initialisé
2025-07-17 17:18:50 - ui.navigation - INFO - _load_module:299 - Module quality_control created and loaded successfully
2025-07-17 17:18:50 - ui.navigation - INFO - navigate_to:251 - Successfully navigated to: quality_control
2025-07-17 17:18:57 - ui.modules.quality_control_module - INFO - on_success:1094 - Fichier QGis chargé: resultats.xlsx
2025-07-17 17:19:00 - ui.modules.quality_control_module - INFO - _detect_info_from_suivi:1240 - Domaine détecté ligne 1: RIP
2025-07-17 17:19:00 - ui.modules.quality_control_module - INFO - _detect_info_from_suivi:1282 - CMS Total détecté ligne 1: 14
2025-07-17 17:19:00 - ui.modules.quality_control_module - INFO - _detect_info_from_suivi:1351 - PA Total détecté ligne 1: 138
2025-07-17 17:19:00 - ui.modules.quality_control_module - INFO - _detect_info_from_suivi:1416 - Collaborateur détecté ligne 1: ZAOUGA Wissem
2025-07-17 17:19:00 - ui.modules.quality_control_module - INFO - _detect_info_from_suivi:1462 - === INFORMATIONS DÉTECTÉES ===
2025-07-17 17:19:00 - ui.modules.quality_control_module - INFO - _detect_info_from_suivi:1463 - Nom de commune (Col A): BALAISEAUX
2025-07-17 17:19:00 - ui.modules.quality_control_module - INFO - _detect_info_from_suivi:1464 - ID tâche (Col B): 2815265
2025-07-17 17:19:00 - ui.modules.quality_control_module - INFO - _detect_info_from_suivi:1465 - Code INSEE (Col C): 39034
2025-07-17 17:19:00 - ui.modules.quality_control_module - INFO - _detect_info_from_suivi:1466 - Domaine (Col D): RIP
2025-07-17 17:19:00 - ui.modules.quality_control_module - INFO - _detect_info_from_suivi:1467 - Collaborateur (Col U): ZAOUGA Wissem
2025-07-17 17:19:00 - ui.modules.quality_control_module - INFO - _detect_info_from_suivi:1468 - CMS Total (Col G): 14
2025-07-17 17:19:00 - ui.modules.quality_control_module - INFO - _detect_info_from_suivi:1469 - PA Total (Col H): 138
2025-07-17 17:19:00 - ui.modules.quality_control_module - INFO - _detect_info_from_suivi:1470 - ==============================
2025-07-17 17:19:00 - ui.modules.quality_control_module - INFO - _detect_info_from_suivi:1486 - === DEBUG LIGNE 2 (INDEX 1) ===
2025-07-17 17:19:00 - ui.modules.quality_control_module - INFO - _detect_info_from_suivi:1494 - ===============================
2025-07-17 17:19:00 - ui.modules.quality_control_module - INFO - on_success:1164 - Fichier suivi chargé: Suivi_BALAISEAUX_2815265_39034.xlsx
2025-07-17 17:19:00 - ui.modules.quality_control_module - INFO - on_success:1165 - Informations détectées: {'commune': 'BALAISEAUX', 'collaborateur': 'ZAOUGA Wissem', 'insee': '39034', 'id_tache': '2815265', 'domaine': 'RIP', 'cms_total': '14', 'pa_total': '138'}
2025-07-17 17:19:02 - ui.modules.quality_control_module - INFO - _analyze_critere_0:1609 - Motifs extraits de la page 2, colonne I: 172 motifs trouvés
2025-07-17 17:19:02 - ui.modules.quality_control_module - INFO - _analyze_critere_2:1724 - Pages 1, 2 et 3 du fichier suivi chargées pour analyse critère 2
2025-07-17 17:19:02 - ui.modules.quality_control_module - INFO - on_success:1562 - Analyse qualité terminée
2025-07-17 17:19:20 - ui.modules.quality_control_module - INFO - _generate_excel_report:2404 - Début génération rapport Excel: C:/Users/wzaouga/Downloads/test/test.xlsx
2025-07-17 17:19:20 - ui.modules.quality_control_module - INFO - _generate_excel_report:2412 - Chemin absolu du fichier: C:\Users\wzaouga\Downloads\test\test.xlsx
2025-07-17 17:19:20 - ui.modules.quality_control_module - INFO - _calculate_erreur_banbou_percentage:3471 - Calcul % Erreur Banbou: UPR=N/A, 501/511=OK, NOK=0/1, Résultat=0.0%
2025-07-17 17:19:20 - ui.modules.quality_control_module - INFO - _calculate_erreur_banbou_percentage:3471 - Calcul % Erreur Banbou: UPR=N/A, 501/511=OK, NOK=0/1, Résultat=0.0%
2025-07-17 17:19:20 - ui.modules.quality_control_module - INFO - _prepare_excel_data:2564 - Page 2 suivi commune chargée pour bâtiments: (172, 16)
2025-07-17 17:19:20 - ui.modules.quality_control_module - INFO - _prepare_excel_data:2576 - Mapping IMB->Batiment créé: 1 entrées
2025-07-17 17:19:20 - ui.modules.quality_control_module - INFO - _prepare_excel_data:2611 - Ajout de 4 erreurs à la page 3 (C3: 4 doublons + 0 motif OK, C4: 0 ad à analyser, C5: 0 motifs incorrects)
2025-07-17 17:19:20 - ui.modules.quality_control_module - INFO - _generate_excel_report:2422 - Données Excel préparées pour 4 feuilles
2025-07-17 17:19:20 - ui.modules.quality_control_module - INFO - _write_excel_file:2901 - DataFrames créés pour 4 feuilles
2025-07-17 17:19:20 - ui.modules.quality_control_module - INFO - _add_controleur_validation:3257 - Validation des données ajoutée pour le contrôleur
2025-07-17 17:19:20 - ui.modules.quality_control_module - WARNING - _apply_percentage_formatting:3298 - Erreur lors du formatage des pourcentages: list indices must be integers or slices, not str
2025-07-17 17:19:20 - ui.modules.quality_control_module - INFO - _format_page1:3203 - Mise en forme appliquée à la page 1 (avec bordures)
2025-07-17 17:19:20 - ui.modules.quality_control_module - INFO - _format_page2:3397 - Mise en forme de la page 2 appliquée avec validation de données
2025-07-17 17:19:20 - ui.modules.quality_control_module - INFO - _format_page3:3347 - Mise en forme appliquée à la page 3 - Contrôle Qualité PA
2025-07-17 17:19:20 - ui.modules.quality_control_module - INFO - _format_page4_ecart:3075 - Mise en forme appliquée à la feuille Ecart
2025-07-17 17:19:20 - ui.modules.quality_control_module - INFO - _write_excel_file:2950 - 4 feuilles Excel écrites: Etat de lieu, Controle Qualité CMS, Controle Qualité PA, Ecart
2025-07-17 17:19:20 - ui.modules.quality_control_module - INFO - _write_excel_file:2952 - Fichier Excel écrit avec succès avec mise en forme
2025-07-17 17:19:20 - ui.modules.quality_control_module - INFO - _generate_excel_report:2431 - Fichier créé avec succès: C:\Users\wzaouga\Downloads\test\test.xlsx (15758 bytes)
2025-07-17 17:19:21 - ui.modules.quality_control_module - INFO - on_success:2377 - Rapport exporté: C:/Users/wzaouga/Downloads/test/test.xlsx
2025-07-17 17:22:13 - main - INFO - start_main_application:88 - Application closed normally
